#
# There is insufficient memory for the Java Runtime Environment to continue.
# Native memory allocation (mmap) failed to map 134217728 bytes. Error detail: G1 virtual space
# Possible reasons:
#   The system is out of physical RAM or swap space
#   This process is running with CompressedOops enabled, and the Java Heap may be blocking the growth of the native heap
# Possible solutions:
#   Reduce memory load on the system
#   Increase physical memory or swap space
#   Check if swap backing store is full
#   Decrease Java heap size (-Xmx/-Xms)
#   Decrease number of Java threads
#   Decrease Java thread stack sizes (-Xss)
#   Set larger code cache with -XX:ReservedCodeCacheSize=
#   JVM is running with Unscaled Compressed Oops mode in which the Java heap is
#     placed in the first 4GB address space. The Java Heap base address is the
#     maximum limit for the native heap growth. Please use -XX:HeapBaseMinAddress
#     to set the Java Heap base and to place the Java Heap above 4GB virtual address.
# This output file may be truncated or incomplete.
#
#  Out of Memory Error (os_windows.cpp:3825), pid=20100, tid=20384
#
# JRE version:  (17.0.11+1) (build )
# Java VM: OpenJDK 64-Bit Server VM (17.0.11+1-b1207.24, mixed mode, sharing, tiered, compressed oops, compressed class ptrs, g1 gc, windows-amd64)
# No core dump will be written. Minidumps are not enabled by default on client versions of Windows
#

---------------  S U M M A R Y ------------

Command Line: -Djava.rmi.server.hostname=127.0.0.1 -Duser.timezone=UTC -Xmx2048m -Xms128m -Djdbc.classpath=C:\Users\user\AppData\Local\Programs\IntelliJ IDEA Ultimate 2024.1.2\plugins\DatabaseTools\lib\jdbc-console.jar;C:\Users\user\AppData\Roaming\JetBrains\IntelliJIdea2024.1\jdbc-drivers\PostgreSQL\42.6.0\org\postgresql\postgresql\42.6.0\postgresql-42.6.0.jar;C:\Users\user\AppData\Roaming\JetBrains\IntelliJIdea2024.1\jdbc-drivers\PostgreSQL\42.6.0\org\checkerframework\checker-qual\3.31.0\checker-qual-3.31.0.jar;C:\Users\user\AppData\Roaming\JetBrains\IntelliJIdea2024.1\jdbc-drivers\PostgreSQL\42.6.0\com\github\waffle\waffle-jna\1.9.1\waffle-jna-1.9.1.jar;C:\Users\user\AppData\Roaming\JetBrains\IntelliJIdea2024.1\jdbc-drivers\PostgreSQL\42.6.0\net\java\dev\jna\jna\4.5.1\jna-4.5.1.jar;C:\Users\user\AppData\Roaming\JetBrains\IntelliJIdea2024.1\jdbc-drivers\PostgreSQL\42.6.0\net\java\dev\jna\jna-platform\4.5.1\jna-platform-4.5.1.jar;C:\Users\user\AppData\Roaming\JetBrains\IntelliJIdea2024.1\jdbc-drivers\PostgreSQL\42.6.0\org\slf4j\jcl-over-slf4j\1.7.25\jcl-over-slf4j-1.7.25.jar;C:\Users\user\AppData\Roaming\JetBrains\IntelliJIdea2024.1\jdbc-drivers\PostgreSQL\42.6.0\org\slf4j\slf4j-api\1.7.25\slf4j-api-1.7.25.jar;C:\Users\user\AppData\Roaming\JetBrains\IntelliJIdea2024.1\jdbc-drivers\PostgreSQL\42.6.0\com\github\ben-manes\caffeine\caffeine\2.6.2\caffeine-2.6.2.jar --add-exports=java.desktop/sun.awt=ALL-UNNAMED --add-exports=java.desktop/java.awt.peer=ALL-UNNAMED --add-opens=java.desktop/java.awt=ALL-UNNAMED --add-opens=jdk.unsupported/sun.misc=ALL-UNNAMED --add-opens=java.base/java.nio=ALL-UNNAMED --add-opens=java.base/java.util=ALL-UNNAMED -Dfile.encoding=UTF-8 com.intellij.database.remote.RemoteJdbcServer org.postgresql.Driver

Host: Intel(R) Core(TM) i5-8265U CPU @ 1.60GHz, 8 cores, 7G,  Windows 11 , 64 bit Build 22621 (10.0.22621.3672)
Time: Thu Jun  6 16:31:56 2024 E. Africa Standard Time elapsed time: 0.023246 seconds (0d 0h 0m 0s)

---------------  T H R E A D  ---------------

Current thread (0x000002216223f310):  JavaThread "Unknown thread" [_thread_in_vm, id=20384, stack(0x000000f15ff00000,0x000000f160000000)]

Stack: [0x000000f15ff00000,0x000000f160000000]
Native frames: (J=compiled Java code, j=interpreted, Vv=VM code, C=native code)
V  [jvm.dll+0x6877f9]
V  [jvm.dll+0x8411aa]
V  [jvm.dll+0x842e2e]
V  [jvm.dll+0x843493]
V  [jvm.dll+0x249fdf]
V  [jvm.dll+0x6845c9]
V  [jvm.dll+0x678e7a]
V  [jvm.dll+0x30ab4b]
V  [jvm.dll+0x311ff6]
V  [jvm.dll+0x361a5e]
V  [jvm.dll+0x361c8f]
V  [jvm.dll+0x2e0978]
V  [jvm.dll+0x2e18e4]
V  [jvm.dll+0x811c71]
V  [jvm.dll+0x36f7c8]
V  [jvm.dll+0x7f05f6]
V  [jvm.dll+0x3f398f]
V  [jvm.dll+0x3f5541]
C  [jli.dll+0x528f]
C  [ucrtbase.dll+0x29333]
C  [KERNEL32.DLL+0x1257d]
C  [ntdll.dll+0x5aa48]


---------------  P R O C E S S  ---------------

Threads class SMR info:
_java_thread_list=0x00007ffb74a7efd8, length=0, elements={
}

Java Threads: ( => current thread )

Other Threads:
  0x000002216229a570 GCTaskThread "GC Thread#0" [stack: 0x000000f160000000,0x000000f160100000] [id=18736]
  0x00000221622ab4c0 ConcurrentGCThread "G1 Main Marker" [stack: 0x000000f160100000,0x000000f160200000] [id=18648]
  0x00000221622acef0 ConcurrentGCThread "G1 Conc#0" [stack: 0x000000f160200000,0x000000f160300000] [id=14852]

[error occurred during error reporting (printing all threads), id 0xc0000005, EXCEPTION_ACCESS_VIOLATION (0xc0000005) at pc=0x00007ffb74231547]

VM state: not at safepoint (not fully initialized)

VM Mutex/Monitor currently owned by a thread:  ([mutex/lock_event])
[0x0000022162239d40] Heap_lock - owner thread: 0x000002216223f310

Heap address: 0x0000000080000000, size: 2048 MB, Compressed Oops mode: 32-bit

CDS archive(s) mapped at: [0x0000000000000000-0x0000000000000000-0x0000000000000000), size 0, SharedBaseAddress: 0x0000000800000000, ArchiveRelocationMode: 1.
Narrow klass base: 0x0000000000000000, Narrow klass shift: 0, Narrow klass range: 0x0

GC Precious Log:
<Empty>

Heap:
 garbage-first heap   total 0K, used 0K [0x0000000080000000, 0x0000000100000000)
  region size 1024K, 0 young (0K), 0 survivors (0K)
 Metaspace       used 0K, committed 0K, reserved 0K
  class space    used 0K, committed 0K, reserved 0K

Heap Regions: E=young(eden), S=young(survivor), O=old, HS=humongous(starts), HC=humongous(continues), CS=collection set, F=free, OA=open archive, CA=closed archive, TAMS=top-at-mark-start (previous, next)

Card table byte_map: [0x00000221750f0000,0x00000221754f0000] _byte_map_base: 0x0000022174cf0000

Marking Bits (Prev, Next): (CMBitMap*) 0x000002216229ab90, (CMBitMap*) 0x000002216229abd0
 Prev Bits: [0x00000221758f0000, 0x00000221778f0000)
 Next Bits: [0x00000221778f0000, 0x00000221798f0000)

GC Heap History (0 events):
No events

Dll operation events (1 events):
Event: 0.014 Loaded shared library C:\Users\user\AppData\Local\Programs\IntelliJ IDEA Ultimate 2024.1.2\jbr\bin\java.dll

Deoptimization events (0 events):
No events

Classes unloaded (0 events):
No events

Classes redefined (0 events):
No events

Internal exceptions (0 events):
No events

VM Operations (0 events):
No events

Events (0 events):
No events


Dynamic libraries:
0x00007ff711860000 - 0x00007ff71186a000 	C:\Users\user\AppData\Local\Programs\IntelliJ IDEA Ultimate 2024.1.2\jbr\bin\java.exe
0x00007ffbf13d0000 - 0x00007ffbf15e7000 	C:\WINDOWS\SYSTEM32\ntdll.dll
0x00007ffbefda0000 - 0x00007ffbefe64000 	C:\WINDOWS\System32\KERNEL32.DLL
0x00007ffbee700000 - 0x00007ffbeeaac000 	C:\WINDOWS\System32\KERNELBASE.dll
0x00007ffbeeab0000 - 0x00007ffbeebc1000 	C:\WINDOWS\System32\ucrtbase.dll
0x00007ffbb40d0000 - 0x00007ffbb40e7000 	C:\Users\user\AppData\Local\Programs\IntelliJ IDEA Ultimate 2024.1.2\jbr\bin\jli.dll
0x00007ffbe8360000 - 0x00007ffbe837b000 	C:\Users\user\AppData\Local\Programs\IntelliJ IDEA Ultimate 2024.1.2\jbr\bin\VCRUNTIME140.dll
0x00007ffbef110000 - 0x00007ffbef2be000 	C:\WINDOWS\System32\USER32.dll
0x00007ffbef0e0000 - 0x00007ffbef106000 	C:\WINDOWS\System32\win32u.dll
0x00007ffbef900000 - 0x00007ffbef929000 	C:\WINDOWS\System32\GDI32.dll
0x00007ffbeefc0000 - 0x00007ffbef0d9000 	C:\WINDOWS\System32\gdi32full.dll
0x00007ffbd5e90000 - 0x00007ffbd6123000 	C:\WINDOWS\WinSxS\amd64_microsoft.windows.common-controls_6595b64144ccf1df_6.0.22621.3672_none_2713b9d173822955\COMCTL32.dll
0x00007ffbeef20000 - 0x00007ffbeefba000 	C:\WINDOWS\System32\msvcp_win.dll
0x00007ffbef2c0000 - 0x00007ffbef367000 	C:\WINDOWS\System32\msvcrt.dll
0x00007ffbef8c0000 - 0x00007ffbef8f1000 	C:\WINDOWS\System32\IMM32.DLL
0x00007ffbdda80000 - 0x00007ffbdda8c000 	C:\Users\user\AppData\Local\Programs\IntelliJ IDEA Ultimate 2024.1.2\jbr\bin\vcruntime140_1.dll
0x00007ffbd2640000 - 0x00007ffbd26cd000 	C:\Users\user\AppData\Local\Programs\IntelliJ IDEA Ultimate 2024.1.2\jbr\bin\msvcp140.dll
0x00007ffb73f40000 - 0x00007ffb74bc3000 	C:\Users\user\AppData\Local\Programs\IntelliJ IDEA Ultimate 2024.1.2\jbr\bin\server\jvm.dll
0x00007ffbef9f0000 - 0x00007ffbefaa2000 	C:\WINDOWS\System32\ADVAPI32.dll
0x00007ffbef930000 - 0x00007ffbef9d8000 	C:\WINDOWS\System32\sechost.dll
0x00007ffbeeef0000 - 0x00007ffbeef18000 	C:\WINDOWS\System32\bcrypt.dll
0x00007ffbf0f10000 - 0x00007ffbf1025000 	C:\WINDOWS\System32\RPCRT4.dll
0x00007ffbe9a40000 - 0x00007ffbe9a49000 	C:\WINDOWS\SYSTEM32\WSOCK32.dll
0x00007ffbeffd0000 - 0x00007ffbf0041000 	C:\WINDOWS\System32\WS2_32.dll
0x00007ffbe7ff0000 - 0x00007ffbe8024000 	C:\WINDOWS\SYSTEM32\WINMM.dll
0x00007ffbee5c0000 - 0x00007ffbee60d000 	C:\WINDOWS\SYSTEM32\POWRPROF.dll
0x00007ffbe6e20000 - 0x00007ffbe6e2a000 	C:\WINDOWS\SYSTEM32\VERSION.dll
0x00007ffbee4f0000 - 0x00007ffbee503000 	C:\WINDOWS\SYSTEM32\UMPDC.dll
0x00007ffbed6f0000 - 0x00007ffbed708000 	C:\WINDOWS\SYSTEM32\kernel.appcore.dll
0x00007ffbddbc0000 - 0x00007ffbddbca000 	C:\Users\user\AppData\Local\Programs\IntelliJ IDEA Ultimate 2024.1.2\jbr\bin\jimage.dll
0x00007ffbd2d50000 - 0x00007ffbd2f82000 	C:\WINDOWS\SYSTEM32\DBGHELP.DLL
0x00007ffbef530000 - 0x00007ffbef8b8000 	C:\WINDOWS\System32\combase.dll
0x00007ffbf12b0000 - 0x00007ffbf1387000 	C:\WINDOWS\System32\OLEAUT32.dll
0x00007ffbce5b0000 - 0x00007ffbce5e2000 	C:\WINDOWS\SYSTEM32\dbgcore.DLL
0x00007ffbeee70000 - 0x00007ffbeeeeb000 	C:\WINDOWS\System32\bcryptPrimitives.dll
0x00007ffbc9b90000 - 0x00007ffbc9bb5000 	C:\Users\user\AppData\Local\Programs\IntelliJ IDEA Ultimate 2024.1.2\jbr\bin\java.dll

dbghelp: loaded successfully - version: 4.0.5 - missing functions: none
symbol engine: initialized successfully - sym options: 0x614 - pdb path: .;C:\Users\user\AppData\Local\Programs\IntelliJ IDEA Ultimate 2024.1.2\jbr\bin;C:\WINDOWS\SYSTEM32;C:\WINDOWS\WinSxS\amd64_microsoft.windows.common-controls_6595b64144ccf1df_6.0.22621.3672_none_2713b9d173822955;C:\Users\user\AppData\Local\Programs\IntelliJ IDEA Ultimate 2024.1.2\jbr\bin\server

VM Arguments:
jvm_args: -Djava.rmi.server.hostname=127.0.0.1 -Duser.timezone=UTC -Xmx2048m -Xms128m -Djdbc.classpath=C:\Users\user\AppData\Local\Programs\IntelliJ IDEA Ultimate 2024.1.2\plugins\DatabaseTools\lib\jdbc-console.jar;C:\Users\user\AppData\Roaming\JetBrains\IntelliJIdea2024.1\jdbc-drivers\PostgreSQL\42.6.0\org\postgresql\postgresql\42.6.0\postgresql-42.6.0.jar;C:\Users\user\AppData\Roaming\JetBrains\IntelliJIdea2024.1\jdbc-drivers\PostgreSQL\42.6.0\org\checkerframework\checker-qual\3.31.0\checker-qual-3.31.0.jar;C:\Users\user\AppData\Roaming\JetBrains\IntelliJIdea2024.1\jdbc-drivers\PostgreSQL\42.6.0\com\github\waffle\waffle-jna\1.9.1\waffle-jna-1.9.1.jar;C:\Users\user\AppData\Roaming\JetBrains\IntelliJIdea2024.1\jdbc-drivers\PostgreSQL\42.6.0\net\java\dev\jna\jna\4.5.1\jna-4.5.1.jar;C:\Users\user\AppData\Roaming\JetBrains\IntelliJIdea2024.1\jdbc-drivers\PostgreSQL\42.6.0\net\java\dev\jna\jna-platform\4.5.1\jna-platform-4.5.1.jar;C:\Users\user\AppData\Roaming\JetBrains\IntelliJIdea2024.1\jdbc-drivers\PostgreSQL\42.6.0\org\slf4j\jcl-over-slf4j\1.7.25\jcl-over-slf4j-1.7.25.jar;C:\Users\user\AppData\Roaming\JetBrains\IntelliJIdea2024.1\jdbc-drivers\PostgreSQL\42.6.0\org\slf4j\slf4j-api\1.7.25\slf4j-api-1.7.25.jar;C:\Users\user\AppData\Roaming\JetBrains\IntelliJIdea2024.1\jdbc-drivers\PostgreSQL\42.6.0\com\github\ben-manes\caffeine\caffeine\2.6.2\caffeine-2.6.2.jar --add-exports=java.desktop/sun.awt=ALL-UNNAMED --add-exports=java.desktop/java.awt.peer=ALL-UNNAMED --add-opens=java.desktop/java.awt=ALL-UNNAMED --add-opens=jdk.unsupported/sun.misc=ALL-UNNAMED --add-opens=java.base/java.nio=ALL-UNNAMED --add-opens=java.base/java.util=ALL-UNNAMED -Dfile.encoding=UTF-8 
java_command: com.intellij.database.remote.RemoteJdbcServer org.postgresql.Driver
java_class_path (initial): C:\Users\user\AppData\Local\Programs\IntelliJ IDEA Ultimate 2024.1.2\lib\util_rt.jar;C:\Users\user\AppData\Local\Programs\IntelliJ IDEA Ultimate 2024.1.2\lib\util-8.jar;C:\Users\user\AppData\Local\Programs\IntelliJ IDEA Ultimate 2024.1.2\lib\groovy.jar;C:\Users\user\AppData\Local\Programs\IntelliJ IDEA Ultimate 2024.1.2\plugins\DatabaseTools\lib\jdbc-console.jar;C:\Users\user\AppData\Local\Programs\IntelliJ IDEA Ultimate 2024.1.2\plugins\grid-core-impl\lib\jdbc-console-types.jar;C:\Users\user\AppData\Local\Programs\IntelliJ IDEA Ultimate 2024.1.2\lib\util.jar
Launcher Type: SUN_STANDARD

[Global flags]
     intx CICompilerCount                          = 4                                         {product} {ergonomic}
     uint ConcGCThreads                            = 2                                         {product} {ergonomic}
     uint G1ConcRefinementThreads                  = 8                                         {product} {ergonomic}
   size_t G1HeapRegionSize                         = 1048576                                   {product} {ergonomic}
    uintx GCDrainStackTargetSize                   = 64                                        {product} {ergonomic}
   size_t InitialHeapSize                          = 134217728                                 {product} {command line}
   size_t MarkStackSize                            = 4194304                                   {product} {ergonomic}
   size_t MaxHeapSize                              = 2147483648                                {product} {command line}
   size_t MinHeapDeltaBytes                        = 1048576                                   {product} {ergonomic}
   size_t MinHeapSize                              = 134217728                                 {product} {command line}
    uintx NonNMethodCodeHeapSize                   = 5839372                                {pd product} {ergonomic}
    uintx NonProfiledCodeHeapSize                  = 122909434                              {pd product} {ergonomic}
    uintx ProfiledCodeHeapSize                     = 122909434                              {pd product} {ergonomic}
    uintx ReservedCodeCacheSize                    = 251658240                              {pd product} {ergonomic}
     bool SegmentedCodeCache                       = true                                      {product} {ergonomic}
   size_t SoftMaxHeapSize                          = 2147483648                             {manageable} {ergonomic}
     bool UseCompressedClassPointers               = true                           {product lp64_product} {ergonomic}
     bool UseCompressedOops                        = true                           {product lp64_product} {ergonomic}
     bool UseG1GC                                  = true                                      {product} {ergonomic}
     bool UseLargePagesIndividualAllocation        = false                                  {pd product} {ergonomic}

Logging:
Log output configuration:
 #0: stdout all=warning uptime,level,tags
 #1: stderr all=off uptime,level,tags

Environment Variables:
PATH=C:\Program Files\Common Files\Oracle\Java\javapath;C:\WINDOWS\system32;C:\WINDOWS;C:\WINDOWS\System32\Wbem;C:\WINDOWS\System32\WindowsPowerShell\v1.0\;C:\WINDOWS\System32\OpenSSH\;C:\Program Files\dotnet\;C:\Program Files\Docker\Docker\resources\bin;C:\Program Files\nodejs\;C:\ProgramData\chocolatey\bin;C:\Program Files\Git\cmd;C:\Users\user\AppData\Local\Programs\Python\Python312\Scripts\;C:\Users\user\AppData\Local\Programs\Python\Python312\;C:\Program Files\MySQL\MySQL Shell 8.0\bin\;C:\Users\user\AppData\Local\Microsoft\WindowsApps;C:\Users\user\AppData\Local\Programs\Microsoft VS Code\bin;C:\Users\user\AppData\Local\GitHubDesktop\bin;;C:\Program Files\JetBrains\IntelliJ IDEA Community Edition 2024.1\bin;;C:\Users\user\.dotnet\tools;C:\Program Files\JetBrains\PyCharm Community Edition 2024.1\bin;;C:\Users\user\AppData\Local\Microsoft\WinGet\Packages\Schniz.fnm_Microsoft.Winget.Source_8wekyb3d8bbwe;C:\Users\user\AppData\Roaming\npm
USERNAME=user
OS=Windows_NT
PROCESSOR_IDENTIFIER=Intel64 Family 6 Model 142 Stepping 12, GenuineIntel
TMP=C:\Users\user\AppData\Local\Temp
TEMP=C:\Users\user\AppData\Local\Temp



Periodic native trim disabled

JNI global refs:
JNI global refs: 0, weak refs: 0

JNI global refs memory usage: 0, weak refs: 0

Process memory usage:
Resident Set Size: 11696K (0% of 8190240K total physical memory with 548556K free physical memory)

OOME stack traces (most recent first):
Classloader memory used:


---------------  S Y S T E M  ---------------

OS:
 Windows 11 , 64 bit Build 22621 (10.0.22621.3672)
OS uptime: 2 days 5:05 hours
Hyper-V role detected

CPU: total 8 (initial active 8) (4 cores per cpu, 2 threads per core) family 6 model 142 stepping 12 microcode 0xf8, cx8, cmov, fxsr, ht, mmx, 3dnowpref, sse, sse2, sse3, ssse3, sse4.1, sse4.2, popcnt, lzcnt, tsc, tscinvbit, avx, avx2, aes, erms, clmul, bmi1, bmi2, adx, fma, vzeroupper, clflush, clflushopt, hv
Processor Information for processor 0
  Max Mhz: 1800, Current Mhz: 1500, Mhz Limit: 1584
Processor Information for processor 1
  Max Mhz: 1800, Current Mhz: 1500, Mhz Limit: 1584
Processor Information for processor 2
  Max Mhz: 1800, Current Mhz: 1500, Mhz Limit: 1584
Processor Information for processor 3
  Max Mhz: 1800, Current Mhz: 1500, Mhz Limit: 1584
Processor Information for processor 4
  Max Mhz: 1800, Current Mhz: 1500, Mhz Limit: 1584
Processor Information for processor 5
  Max Mhz: 1800, Current Mhz: 1500, Mhz Limit: 1584
Processor Information for processor 6
  Max Mhz: 1800, Current Mhz: 1600, Mhz Limit: 1584
Processor Information for processor 7
  Max Mhz: 1800, Current Mhz: 1500, Mhz Limit: 1584

Memory: 4k page, system-wide physical 7998M (535M free)
TotalPageFile size 20798M (AvailPageFile size 96M)
current process WorkingSet (physical memory assigned to process): 11M, peak: 11M
current process commit charge ("private bytes"): 60M, peak: 188M

vm_info: OpenJDK 64-Bit Server VM (17.0.11+1-b1207.24) for windows-amd64 JRE (17.0.11+1-b1207.24), built on 2024-05-15 by "builduser" with MS VC++ 16.10 / 16.11 (VS2019)

END.
