#
# There is insufficient memory for the Java Runtime Environment to continue.
# Native memory allocation (mmap) failed to map 65536 bytes. Error detail: Failed to commit metaspace.
# Possible reasons:
#   The system is out of physical RAM or swap space
#   This process is running with CompressedOops enabled, and the Java Heap may be blocking the growth of the native heap
# Possible solutions:
#   Reduce memory load on the system
#   Increase physical memory or swap space
#   Check if swap backing store is full
#   Decrease Java heap size (-Xmx/-Xms)
#   Decrease number of Java threads
#   Decrease Java thread stack sizes (-Xss)
#   Set larger code cache with -XX:ReservedCodeCacheSize=
#   JVM is running with Unscaled Compressed Oops mode in which the Java heap is
#     placed in the first 4GB address space. The Java Heap base address is the
#     maximum limit for the native heap growth. Please use -XX:HeapBaseMinAddress
#     to set the Java Heap base and to place the Java Heap above 4GB virtual address.
# This output file may be truncated or incomplete.
#
#  Out of Memory Error (virtualSpaceNode.cpp:110), pid=21632, tid=18296
#
# JRE version: OpenJDK Runtime Environment JBR-17.0.11+1-1207.24-jcef (17.0.11+1) (build 17.0.11+1-b1207.24)
# Java VM: OpenJDK 64-Bit Server VM JBR-17.0.11+1-1207.24-jcef (17.0.11+1-b1207.24, mixed mode, tiered, compressed oops, compressed class ptrs, g1 gc, windows-amd64)
# No core dump will be written. Minidumps are not enabled by default on client versions of Windows
#

---------------  S U M M A R Y ------------

Command Line: -Djava.rmi.server.hostname=127.0.0.1 -Duser.timezone=UTC -Xmx2048m -Xms128m -Djdbc.classpath=C:\Users\user\AppData\Local\Programs\IntelliJ IDEA Ultimate 2024.1.2\plugins\DatabaseTools\lib\jdbc-console.jar;C:\Users\user\AppData\Roaming\JetBrains\IntelliJIdea2024.1\jdbc-drivers\PostgreSQL\42.6.0\org\postgresql\postgresql\42.6.0\postgresql-42.6.0.jar;C:\Users\user\AppData\Roaming\JetBrains\IntelliJIdea2024.1\jdbc-drivers\PostgreSQL\42.6.0\org\checkerframework\checker-qual\3.31.0\checker-qual-3.31.0.jar;C:\Users\user\AppData\Roaming\JetBrains\IntelliJIdea2024.1\jdbc-drivers\PostgreSQL\42.6.0\com\github\waffle\waffle-jna\1.9.1\waffle-jna-1.9.1.jar;C:\Users\user\AppData\Roaming\JetBrains\IntelliJIdea2024.1\jdbc-drivers\PostgreSQL\42.6.0\net\java\dev\jna\jna\4.5.1\jna-4.5.1.jar;C:\Users\user\AppData\Roaming\JetBrains\IntelliJIdea2024.1\jdbc-drivers\PostgreSQL\42.6.0\net\java\dev\jna\jna-platform\4.5.1\jna-platform-4.5.1.jar;C:\Users\user\AppData\Roaming\JetBrains\IntelliJIdea2024.1\jdbc-drivers\PostgreSQL\42.6.0\org\slf4j\jcl-over-slf4j\1.7.25\jcl-over-slf4j-1.7.25.jar;C:\Users\user\AppData\Roaming\JetBrains\IntelliJIdea2024.1\jdbc-drivers\PostgreSQL\42.6.0\org\slf4j\slf4j-api\1.7.25\slf4j-api-1.7.25.jar;C:\Users\user\AppData\Roaming\JetBrains\IntelliJIdea2024.1\jdbc-drivers\PostgreSQL\42.6.0\com\github\ben-manes\caffeine\caffeine\2.6.2\caffeine-2.6.2.jar --add-exports=java.desktop/sun.awt=ALL-UNNAMED --add-exports=java.desktop/java.awt.peer=ALL-UNNAMED --add-opens=java.desktop/java.awt=ALL-UNNAMED --add-opens=jdk.unsupported/sun.misc=ALL-UNNAMED --add-opens=java.base/java.nio=ALL-UNNAMED --add-opens=java.base/java.util=ALL-UNNAMED -Dfile.encoding=UTF-8 com.intellij.database.remote.RemoteJdbcServer org.postgresql.Driver

Host: Intel(R) Core(TM) i5-8265U CPU @ 1.60GHz, 8 cores, 7G,  Windows 11 , 64 bit Build 22621 (10.0.22621.3672)
Time: Thu Jun  6 16:30:05 2024 E. Africa Standard Time elapsed time: 0.290579 seconds (0d 0h 0m 0s)

---------------  T H R E A D  ---------------

Current thread (0x00000183263c3390):  JavaThread "C1 CompilerThread0" daemon [_thread_in_vm, id=18296, stack(0x0000006789800000,0x0000006789900000)]


Current CompileTask:
C1:    290  156       3       java.lang.String::<init> (74 bytes)

Stack: [0x0000006789800000,0x0000006789900000]
Native frames: (J=compiled Java code, j=interpreted, Vv=VM code, C=native code)
V  [jvm.dll+0x6877f9]
V  [jvm.dll+0x8411aa]
V  [jvm.dll+0x842e2e]
V  [jvm.dll+0x843493]
V  [jvm.dll+0x249fdf]
V  [jvm.dll+0x83c03b]
V  [jvm.dll+0x62bc86]
V  [jvm.dll+0x62bcea]
V  [jvm.dll+0x62e51a]
V  [jvm.dll+0x62c626]
V  [jvm.dll+0x63d9ca]
V  [jvm.dll+0x63672a]
V  [jvm.dll+0x1ced90]
V  [jvm.dll+0x1cef80]
V  [jvm.dll+0x149581]
V  [jvm.dll+0x1493c5]
V  [jvm.dll+0x140bf8]
V  [jvm.dll+0x1431b5]
V  [jvm.dll+0x141494]
V  [jvm.dll+0x13b3df]
V  [jvm.dll+0x14b026]
V  [jvm.dll+0x136b70]
V  [jvm.dll+0x136ed0]
V  [jvm.dll+0x137196]
V  [jvm.dll+0x13662a]
V  [jvm.dll+0x1382e1]
V  [jvm.dll+0x22ae8e]
V  [jvm.dll+0x229015]
V  [jvm.dll+0x7f53a7]
V  [jvm.dll+0x7ef7aa]
V  [jvm.dll+0x686675]
C  [ucrtbase.dll+0x29333]
C  [KERNEL32.DLL+0x1257d]
C  [ntdll.dll+0x5aa48]


---------------  P R O C E S S  ---------------

Threads class SMR info:
_java_thread_list=0x000001832652d650, length=12, elements={
0x000001830c121b30, 0x0000018326230910, 0x00000183262311e0, 0x00000183263bf2a0,
0x00000183263c0b80, 0x00000183263c1450, 0x00000183263c1d20, 0x00000183263c29d0,
0x00000183263c3390, 0x00000183263cc9f0, 0x0000018326549790, 0x000001832654bc80
}

Java Threads: ( => current thread )
  0x000001830c121b30 JavaThread "main" [_thread_in_vm, id=22724, stack(0x0000006788a00000,0x0000006788b00000)]
  0x0000018326230910 JavaThread "Reference Handler" daemon [_thread_blocked, id=12684, stack(0x0000006789100000,0x0000006789200000)]
  0x00000183262311e0 JavaThread "Finalizer" daemon [_thread_blocked, id=14588, stack(0x0000006789200000,0x0000006789300000)]
  0x00000183263bf2a0 JavaThread "Signal Dispatcher" daemon [_thread_blocked, id=828, stack(0x0000006789300000,0x0000006789400000)]
  0x00000183263c0b80 JavaThread "Attach Listener" daemon [_thread_blocked, id=1572, stack(0x0000006789400000,0x0000006789500000)]
  0x00000183263c1450 JavaThread "Service Thread" daemon [_thread_blocked, id=11612, stack(0x0000006789500000,0x0000006789600000)]
  0x00000183263c1d20 JavaThread "Monitor Deflation Thread" daemon [_thread_blocked, id=20212, stack(0x0000006789600000,0x0000006789700000)]
  0x00000183263c29d0 JavaThread "C2 CompilerThread0" daemon [_thread_blocked, id=18468, stack(0x0000006789700000,0x0000006789800000)]
=>0x00000183263c3390 JavaThread "C1 CompilerThread0" daemon [_thread_in_vm, id=18296, stack(0x0000006789800000,0x0000006789900000)]
  0x00000183263cc9f0 JavaThread "Sweeper thread" daemon [_thread_blocked, id=9948, stack(0x0000006789900000,0x0000006789a00000)]
  0x0000018326549790 JavaThread "Common-Cleaner" daemon [_thread_blocked, id=20060, stack(0x0000006789a00000,0x0000006789b00000)]
  0x000001832654bc80 JavaThread "Notification Thread" daemon [_thread_blocked, id=2300, stack(0x0000006789b00000,0x0000006789c00000)]

Other Threads:
  0x000001832624e720 VMThread "VM Thread" [stack: 0x0000006789000000,0x0000006789100000] [id=15324]
  0x000001832654e170 WatcherThread [stack: 0x0000006789c00000,0x0000006789d00000] [id=21492]
  0x000001830c17eab0 GCTaskThread "GC Thread#0" [stack: 0x0000006788b00000,0x0000006788c00000] [id=13940]
  0x000001830c18f810 ConcurrentGCThread "G1 Main Marker" [stack: 0x0000006788c00000,0x0000006788d00000] [id=4024]
  0x000001830c191050 ConcurrentGCThread "G1 Conc#0" [stack: 0x0000006788d00000,0x0000006788e00000] [id=21404]
  0x00000183260a0140 ConcurrentGCThread "G1 Refine#0" [stack: 0x0000006788e00000,0x0000006788f00000] [id=2664]
  0x00000183260a0980 ConcurrentGCThread "G1 Service" [stack: 0x0000006788f00000,0x0000006789000000] [id=18872]

Threads with active compile tasks:
C1 CompilerThread0      341  156       3       java.lang.String::<init> (74 bytes)

VM state: not at safepoint (normal execution)

VM Mutex/Monitor currently owned by a thread:  ([mutex/lock_event])
[0x000001830c10dc90] Metaspace_lock - owner thread: 0x00000183263c3390
[0x000001830c11d0a0] MethodData_lock - owner thread: 0x00000183263c3390

Heap address: 0x0000000080000000, size: 2048 MB, Compressed Oops mode: 32-bit

CDS archive(s) not mapped
Compressed class space mapped at: 0x0000000100000000-0x0000000140000000, reserved size: 1073741824
Narrow klass base: 0x0000000000000000, Narrow klass shift: 3, Narrow klass range: 0x140000000

GC Precious Log:
 CPUs: 8 total, 8 available
 Memory: 7998M
 Large Page Support: Disabled
 NUMA Support: Disabled
 Compressed Oops: Enabled (32-bit)
 Heap Region Size: 1M
 Heap Min Capacity: 128M
 Heap Initial Capacity: 128M
 Heap Max Capacity: 2G
 Pre-touch: Disabled
 Parallel Workers: 8
 Concurrent Workers: 2
 Concurrent Refinement Workers: 8
 Periodic GC: Disabled

Heap:
 garbage-first heap   total 131072K, used 4096K [0x0000000080000000, 0x0000000100000000)
  region size 1024K, 3 young (3072K), 0 survivors (0K)
 Metaspace       used 6586K, committed 6720K, reserved 1114112K
  class space    used 563K, committed 640K, reserved 1048576K

Heap Regions: E=young(eden), S=young(survivor), O=old, HS=humongous(starts), HC=humongous(continues), CS=collection set, F=free, OA=open archive, CA=closed archive, TAMS=top-at-mark-start (previous, next)
|   0|0x0000000080000000, 0x0000000080100000, 0x0000000080100000|100%|HS|  |TAMS 0x0000000080000000, 0x0000000080000000| Complete 
|   1|0x0000000080100000, 0x0000000080200000, 0x0000000080200000|100%|HC|  |TAMS 0x0000000080100000, 0x0000000080100000| Complete 
|   2|0x0000000080200000, 0x0000000080300000, 0x0000000080300000|100%|HC|  |TAMS 0x0000000080200000, 0x0000000080200000| Complete 
|   3|0x0000000080300000, 0x0000000080300000, 0x0000000080400000|  0%| F|  |TAMS 0x0000000080300000, 0x0000000080300000| Untracked 
|   4|0x0000000080400000, 0x0000000080400000, 0x0000000080500000|  0%| F|  |TAMS 0x0000000080400000, 0x0000000080400000| Untracked 
|   5|0x0000000080500000, 0x0000000080500000, 0x0000000080600000|  0%| F|  |TAMS 0x0000000080500000, 0x0000000080500000| Untracked 
|   6|0x0000000080600000, 0x0000000080600000, 0x0000000080700000|  0%| F|  |TAMS 0x0000000080600000, 0x0000000080600000| Untracked 
|   7|0x0000000080700000, 0x0000000080700000, 0x0000000080800000|  0%| F|  |TAMS 0x0000000080700000, 0x0000000080700000| Untracked 
|   8|0x0000000080800000, 0x0000000080800000, 0x0000000080900000|  0%| F|  |TAMS 0x0000000080800000, 0x0000000080800000| Untracked 
|   9|0x0000000080900000, 0x0000000080900000, 0x0000000080a00000|  0%| F|  |TAMS 0x0000000080900000, 0x0000000080900000| Untracked 
|  10|0x0000000080a00000, 0x0000000080a00000, 0x0000000080b00000|  0%| F|  |TAMS 0x0000000080a00000, 0x0000000080a00000| Untracked 
|  11|0x0000000080b00000, 0x0000000080b00000, 0x0000000080c00000|  0%| F|  |TAMS 0x0000000080b00000, 0x0000000080b00000| Untracked 
|  12|0x0000000080c00000, 0x0000000080c00000, 0x0000000080d00000|  0%| F|  |TAMS 0x0000000080c00000, 0x0000000080c00000| Untracked 
|  13|0x0000000080d00000, 0x0000000080d00000, 0x0000000080e00000|  0%| F|  |TAMS 0x0000000080d00000, 0x0000000080d00000| Untracked 
|  14|0x0000000080e00000, 0x0000000080e00000, 0x0000000080f00000|  0%| F|  |TAMS 0x0000000080e00000, 0x0000000080e00000| Untracked 
|  15|0x0000000080f00000, 0x0000000080f00000, 0x0000000081000000|  0%| F|  |TAMS 0x0000000080f00000, 0x0000000080f00000| Untracked 
|  16|0x0000000081000000, 0x0000000081000000, 0x0000000081100000|  0%| F|  |TAMS 0x0000000081000000, 0x0000000081000000| Untracked 
|  17|0x0000000081100000, 0x0000000081100000, 0x0000000081200000|  0%| F|  |TAMS 0x0000000081100000, 0x0000000081100000| Untracked 
|  18|0x0000000081200000, 0x0000000081200000, 0x0000000081300000|  0%| F|  |TAMS 0x0000000081200000, 0x0000000081200000| Untracked 
|  19|0x0000000081300000, 0x0000000081300000, 0x0000000081400000|  0%| F|  |TAMS 0x0000000081300000, 0x0000000081300000| Untracked 
|  20|0x0000000081400000, 0x0000000081400000, 0x0000000081500000|  0%| F|  |TAMS 0x0000000081400000, 0x0000000081400000| Untracked 
|  21|0x0000000081500000, 0x0000000081500000, 0x0000000081600000|  0%| F|  |TAMS 0x0000000081500000, 0x0000000081500000| Untracked 
|  22|0x0000000081600000, 0x0000000081600000, 0x0000000081700000|  0%| F|  |TAMS 0x0000000081600000, 0x0000000081600000| Untracked 
|  23|0x0000000081700000, 0x0000000081700000, 0x0000000081800000|  0%| F|  |TAMS 0x0000000081700000, 0x0000000081700000| Untracked 
|  24|0x0000000081800000, 0x0000000081800000, 0x0000000081900000|  0%| F|  |TAMS 0x0000000081800000, 0x0000000081800000| Untracked 
|  25|0x0000000081900000, 0x0000000081900000, 0x0000000081a00000|  0%| F|  |TAMS 0x0000000081900000, 0x0000000081900000| Untracked 
|  26|0x0000000081a00000, 0x0000000081a00000, 0x0000000081b00000|  0%| F|  |TAMS 0x0000000081a00000, 0x0000000081a00000| Untracked 
|  27|0x0000000081b00000, 0x0000000081b00000, 0x0000000081c00000|  0%| F|  |TAMS 0x0000000081b00000, 0x0000000081b00000| Untracked 
|  28|0x0000000081c00000, 0x0000000081c00000, 0x0000000081d00000|  0%| F|  |TAMS 0x0000000081c00000, 0x0000000081c00000| Untracked 
|  29|0x0000000081d00000, 0x0000000081d00000, 0x0000000081e00000|  0%| F|  |TAMS 0x0000000081d00000, 0x0000000081d00000| Untracked 
|  30|0x0000000081e00000, 0x0000000081e00000, 0x0000000081f00000|  0%| F|  |TAMS 0x0000000081e00000, 0x0000000081e00000| Untracked 
|  31|0x0000000081f00000, 0x0000000081f00000, 0x0000000082000000|  0%| F|  |TAMS 0x0000000081f00000, 0x0000000081f00000| Untracked 
|  32|0x0000000082000000, 0x0000000082000000, 0x0000000082100000|  0%| F|  |TAMS 0x0000000082000000, 0x0000000082000000| Untracked 
|  33|0x0000000082100000, 0x0000000082100000, 0x0000000082200000|  0%| F|  |TAMS 0x0000000082100000, 0x0000000082100000| Untracked 
|  34|0x0000000082200000, 0x0000000082200000, 0x0000000082300000|  0%| F|  |TAMS 0x0000000082200000, 0x0000000082200000| Untracked 
|  35|0x0000000082300000, 0x0000000082300000, 0x0000000082400000|  0%| F|  |TAMS 0x0000000082300000, 0x0000000082300000| Untracked 
|  36|0x0000000082400000, 0x0000000082400000, 0x0000000082500000|  0%| F|  |TAMS 0x0000000082400000, 0x0000000082400000| Untracked 
|  37|0x0000000082500000, 0x0000000082500000, 0x0000000082600000|  0%| F|  |TAMS 0x0000000082500000, 0x0000000082500000| Untracked 
|  38|0x0000000082600000, 0x0000000082600000, 0x0000000082700000|  0%| F|  |TAMS 0x0000000082600000, 0x0000000082600000| Untracked 
|  39|0x0000000082700000, 0x0000000082700000, 0x0000000082800000|  0%| F|  |TAMS 0x0000000082700000, 0x0000000082700000| Untracked 
|  40|0x0000000082800000, 0x0000000082800000, 0x0000000082900000|  0%| F|  |TAMS 0x0000000082800000, 0x0000000082800000| Untracked 
|  41|0x0000000082900000, 0x0000000082900000, 0x0000000082a00000|  0%| F|  |TAMS 0x0000000082900000, 0x0000000082900000| Untracked 
|  42|0x0000000082a00000, 0x0000000082a00000, 0x0000000082b00000|  0%| F|  |TAMS 0x0000000082a00000, 0x0000000082a00000| Untracked 
|  43|0x0000000082b00000, 0x0000000082b00000, 0x0000000082c00000|  0%| F|  |TAMS 0x0000000082b00000, 0x0000000082b00000| Untracked 
|  44|0x0000000082c00000, 0x0000000082c00000, 0x0000000082d00000|  0%| F|  |TAMS 0x0000000082c00000, 0x0000000082c00000| Untracked 
|  45|0x0000000082d00000, 0x0000000082d00000, 0x0000000082e00000|  0%| F|  |TAMS 0x0000000082d00000, 0x0000000082d00000| Untracked 
|  46|0x0000000082e00000, 0x0000000082e00000, 0x0000000082f00000|  0%| F|  |TAMS 0x0000000082e00000, 0x0000000082e00000| Untracked 
|  47|0x0000000082f00000, 0x0000000082f00000, 0x0000000083000000|  0%| F|  |TAMS 0x0000000082f00000, 0x0000000082f00000| Untracked 
|  48|0x0000000083000000, 0x0000000083000000, 0x0000000083100000|  0%| F|  |TAMS 0x0000000083000000, 0x0000000083000000| Untracked 
|  49|0x0000000083100000, 0x0000000083100000, 0x0000000083200000|  0%| F|  |TAMS 0x0000000083100000, 0x0000000083100000| Untracked 
|  50|0x0000000083200000, 0x0000000083200000, 0x0000000083300000|  0%| F|  |TAMS 0x0000000083200000, 0x0000000083200000| Untracked 
|  51|0x0000000083300000, 0x0000000083300000, 0x0000000083400000|  0%| F|  |TAMS 0x0000000083300000, 0x0000000083300000| Untracked 
|  52|0x0000000083400000, 0x0000000083400000, 0x0000000083500000|  0%| F|  |TAMS 0x0000000083400000, 0x0000000083400000| Untracked 
|  53|0x0000000083500000, 0x0000000083500000, 0x0000000083600000|  0%| F|  |TAMS 0x0000000083500000, 0x0000000083500000| Untracked 
|  54|0x0000000083600000, 0x0000000083600000, 0x0000000083700000|  0%| F|  |TAMS 0x0000000083600000, 0x0000000083600000| Untracked 
|  55|0x0000000083700000, 0x0000000083700000, 0x0000000083800000|  0%| F|  |TAMS 0x0000000083700000, 0x0000000083700000| Untracked 
|  56|0x0000000083800000, 0x0000000083800000, 0x0000000083900000|  0%| F|  |TAMS 0x0000000083800000, 0x0000000083800000| Untracked 
|  57|0x0000000083900000, 0x0000000083900000, 0x0000000083a00000|  0%| F|  |TAMS 0x0000000083900000, 0x0000000083900000| Untracked 
|  58|0x0000000083a00000, 0x0000000083a00000, 0x0000000083b00000|  0%| F|  |TAMS 0x0000000083a00000, 0x0000000083a00000| Untracked 
|  59|0x0000000083b00000, 0x0000000083b00000, 0x0000000083c00000|  0%| F|  |TAMS 0x0000000083b00000, 0x0000000083b00000| Untracked 
|  60|0x0000000083c00000, 0x0000000083c00000, 0x0000000083d00000|  0%| F|  |TAMS 0x0000000083c00000, 0x0000000083c00000| Untracked 
|  61|0x0000000083d00000, 0x0000000083d00000, 0x0000000083e00000|  0%| F|  |TAMS 0x0000000083d00000, 0x0000000083d00000| Untracked 
|  62|0x0000000083e00000, 0x0000000083e00000, 0x0000000083f00000|  0%| F|  |TAMS 0x0000000083e00000, 0x0000000083e00000| Untracked 
|  63|0x0000000083f00000, 0x0000000083f00000, 0x0000000084000000|  0%| F|  |TAMS 0x0000000083f00000, 0x0000000083f00000| Untracked 
|  64|0x0000000084000000, 0x0000000084000000, 0x0000000084100000|  0%| F|  |TAMS 0x0000000084000000, 0x0000000084000000| Untracked 
|  65|0x0000000084100000, 0x0000000084100000, 0x0000000084200000|  0%| F|  |TAMS 0x0000000084100000, 0x0000000084100000| Untracked 
|  66|0x0000000084200000, 0x0000000084200000, 0x0000000084300000|  0%| F|  |TAMS 0x0000000084200000, 0x0000000084200000| Untracked 
|  67|0x0000000084300000, 0x0000000084300000, 0x0000000084400000|  0%| F|  |TAMS 0x0000000084300000, 0x0000000084300000| Untracked 
|  68|0x0000000084400000, 0x0000000084400000, 0x0000000084500000|  0%| F|  |TAMS 0x0000000084400000, 0x0000000084400000| Untracked 
|  69|0x0000000084500000, 0x0000000084500000, 0x0000000084600000|  0%| F|  |TAMS 0x0000000084500000, 0x0000000084500000| Untracked 
|  70|0x0000000084600000, 0x0000000084600000, 0x0000000084700000|  0%| F|  |TAMS 0x0000000084600000, 0x0000000084600000| Untracked 
|  71|0x0000000084700000, 0x0000000084700000, 0x0000000084800000|  0%| F|  |TAMS 0x0000000084700000, 0x0000000084700000| Untracked 
|  72|0x0000000084800000, 0x0000000084800000, 0x0000000084900000|  0%| F|  |TAMS 0x0000000084800000, 0x0000000084800000| Untracked 
|  73|0x0000000084900000, 0x0000000084900000, 0x0000000084a00000|  0%| F|  |TAMS 0x0000000084900000, 0x0000000084900000| Untracked 
|  74|0x0000000084a00000, 0x0000000084a00000, 0x0000000084b00000|  0%| F|  |TAMS 0x0000000084a00000, 0x0000000084a00000| Untracked 
|  75|0x0000000084b00000, 0x0000000084b00000, 0x0000000084c00000|  0%| F|  |TAMS 0x0000000084b00000, 0x0000000084b00000| Untracked 
|  76|0x0000000084c00000, 0x0000000084c00000, 0x0000000084d00000|  0%| F|  |TAMS 0x0000000084c00000, 0x0000000084c00000| Untracked 
|  77|0x0000000084d00000, 0x0000000084d00000, 0x0000000084e00000|  0%| F|  |TAMS 0x0000000084d00000, 0x0000000084d00000| Untracked 
|  78|0x0000000084e00000, 0x0000000084e00000, 0x0000000084f00000|  0%| F|  |TAMS 0x0000000084e00000, 0x0000000084e00000| Untracked 
|  79|0x0000000084f00000, 0x0000000084f00000, 0x0000000085000000|  0%| F|  |TAMS 0x0000000084f00000, 0x0000000084f00000| Untracked 
|  80|0x0000000085000000, 0x0000000085000000, 0x0000000085100000|  0%| F|  |TAMS 0x0000000085000000, 0x0000000085000000| Untracked 
|  81|0x0000000085100000, 0x0000000085100000, 0x0000000085200000|  0%| F|  |TAMS 0x0000000085100000, 0x0000000085100000| Untracked 
|  82|0x0000000085200000, 0x0000000085200000, 0x0000000085300000|  0%| F|  |TAMS 0x0000000085200000, 0x0000000085200000| Untracked 
|  83|0x0000000085300000, 0x0000000085300000, 0x0000000085400000|  0%| F|  |TAMS 0x0000000085300000, 0x0000000085300000| Untracked 
|  84|0x0000000085400000, 0x0000000085400000, 0x0000000085500000|  0%| F|  |TAMS 0x0000000085400000, 0x0000000085400000| Untracked 
|  85|0x0000000085500000, 0x0000000085500000, 0x0000000085600000|  0%| F|  |TAMS 0x0000000085500000, 0x0000000085500000| Untracked 
|  86|0x0000000085600000, 0x0000000085600000, 0x0000000085700000|  0%| F|  |TAMS 0x0000000085600000, 0x0000000085600000| Untracked 
|  87|0x0000000085700000, 0x0000000085700000, 0x0000000085800000|  0%| F|  |TAMS 0x0000000085700000, 0x0000000085700000| Untracked 
|  88|0x0000000085800000, 0x0000000085800000, 0x0000000085900000|  0%| F|  |TAMS 0x0000000085800000, 0x0000000085800000| Untracked 
|  89|0x0000000085900000, 0x0000000085900000, 0x0000000085a00000|  0%| F|  |TAMS 0x0000000085900000, 0x0000000085900000| Untracked 
|  90|0x0000000085a00000, 0x0000000085a00000, 0x0000000085b00000|  0%| F|  |TAMS 0x0000000085a00000, 0x0000000085a00000| Untracked 
|  91|0x0000000085b00000, 0x0000000085b00000, 0x0000000085c00000|  0%| F|  |TAMS 0x0000000085b00000, 0x0000000085b00000| Untracked 
|  92|0x0000000085c00000, 0x0000000085c00000, 0x0000000085d00000|  0%| F|  |TAMS 0x0000000085c00000, 0x0000000085c00000| Untracked 
|  93|0x0000000085d00000, 0x0000000085d00000, 0x0000000085e00000|  0%| F|  |TAMS 0x0000000085d00000, 0x0000000085d00000| Untracked 
|  94|0x0000000085e00000, 0x0000000085e00000, 0x0000000085f00000|  0%| F|  |TAMS 0x0000000085e00000, 0x0000000085e00000| Untracked 
|  95|0x0000000085f00000, 0x0000000085f00000, 0x0000000086000000|  0%| F|  |TAMS 0x0000000085f00000, 0x0000000085f00000| Untracked 
|  96|0x0000000086000000, 0x0000000086000000, 0x0000000086100000|  0%| F|  |TAMS 0x0000000086000000, 0x0000000086000000| Untracked 
|  97|0x0000000086100000, 0x0000000086100000, 0x0000000086200000|  0%| F|  |TAMS 0x0000000086100000, 0x0000000086100000| Untracked 
|  98|0x0000000086200000, 0x0000000086200000, 0x0000000086300000|  0%| F|  |TAMS 0x0000000086200000, 0x0000000086200000| Untracked 
|  99|0x0000000086300000, 0x0000000086300000, 0x0000000086400000|  0%| F|  |TAMS 0x0000000086300000, 0x0000000086300000| Untracked 
| 100|0x0000000086400000, 0x0000000086400000, 0x0000000086500000|  0%| F|  |TAMS 0x0000000086400000, 0x0000000086400000| Untracked 
| 101|0x0000000086500000, 0x0000000086500000, 0x0000000086600000|  0%| F|  |TAMS 0x0000000086500000, 0x0000000086500000| Untracked 
| 102|0x0000000086600000, 0x0000000086600000, 0x0000000086700000|  0%| F|  |TAMS 0x0000000086600000, 0x0000000086600000| Untracked 
| 103|0x0000000086700000, 0x0000000086700000, 0x0000000086800000|  0%| F|  |TAMS 0x0000000086700000, 0x0000000086700000| Untracked 
| 104|0x0000000086800000, 0x0000000086800000, 0x0000000086900000|  0%| F|  |TAMS 0x0000000086800000, 0x0000000086800000| Untracked 
| 105|0x0000000086900000, 0x0000000086900000, 0x0000000086a00000|  0%| F|  |TAMS 0x0000000086900000, 0x0000000086900000| Untracked 
| 106|0x0000000086a00000, 0x0000000086a00000, 0x0000000086b00000|  0%| F|  |TAMS 0x0000000086a00000, 0x0000000086a00000| Untracked 
| 107|0x0000000086b00000, 0x0000000086b00000, 0x0000000086c00000|  0%| F|  |TAMS 0x0000000086b00000, 0x0000000086b00000| Untracked 
| 108|0x0000000086c00000, 0x0000000086c00000, 0x0000000086d00000|  0%| F|  |TAMS 0x0000000086c00000, 0x0000000086c00000| Untracked 
| 109|0x0000000086d00000, 0x0000000086d00000, 0x0000000086e00000|  0%| F|  |TAMS 0x0000000086d00000, 0x0000000086d00000| Untracked 
| 110|0x0000000086e00000, 0x0000000086e00000, 0x0000000086f00000|  0%| F|  |TAMS 0x0000000086e00000, 0x0000000086e00000| Untracked 
| 111|0x0000000086f00000, 0x0000000086f00000, 0x0000000087000000|  0%| F|  |TAMS 0x0000000086f00000, 0x0000000086f00000| Untracked 
| 112|0x0000000087000000, 0x0000000087000000, 0x0000000087100000|  0%| F|  |TAMS 0x0000000087000000, 0x0000000087000000| Untracked 
| 113|0x0000000087100000, 0x0000000087100000, 0x0000000087200000|  0%| F|  |TAMS 0x0000000087100000, 0x0000000087100000| Untracked 
| 114|0x0000000087200000, 0x0000000087200000, 0x0000000087300000|  0%| F|  |TAMS 0x0000000087200000, 0x0000000087200000| Untracked 
| 115|0x0000000087300000, 0x0000000087300000, 0x0000000087400000|  0%| F|  |TAMS 0x0000000087300000, 0x0000000087300000| Untracked 
| 116|0x0000000087400000, 0x0000000087400000, 0x0000000087500000|  0%| F|  |TAMS 0x0000000087400000, 0x0000000087400000| Untracked 
| 117|0x0000000087500000, 0x0000000087500000, 0x0000000087600000|  0%| F|  |TAMS 0x0000000087500000, 0x0000000087500000| Untracked 
| 118|0x0000000087600000, 0x0000000087600000, 0x0000000087700000|  0%| F|  |TAMS 0x0000000087600000, 0x0000000087600000| Untracked 
| 119|0x0000000087700000, 0x0000000087700000, 0x0000000087800000|  0%| F|  |TAMS 0x0000000087700000, 0x0000000087700000| Untracked 
| 120|0x0000000087800000, 0x0000000087800000, 0x0000000087900000|  0%| F|  |TAMS 0x0000000087800000, 0x0000000087800000| Untracked 
| 121|0x0000000087900000, 0x0000000087900000, 0x0000000087a00000|  0%| F|  |TAMS 0x0000000087900000, 0x0000000087900000| Untracked 
| 122|0x0000000087a00000, 0x0000000087a00000, 0x0000000087b00000|  0%| F|  |TAMS 0x0000000087a00000, 0x0000000087a00000| Untracked 
| 123|0x0000000087b00000, 0x0000000087b00000, 0x0000000087c00000|  0%| F|  |TAMS 0x0000000087b00000, 0x0000000087b00000| Untracked 
| 124|0x0000000087c00000, 0x0000000087c00000, 0x0000000087d00000|  0%| F|  |TAMS 0x0000000087c00000, 0x0000000087c00000| Untracked 
| 125|0x0000000087d00000, 0x0000000087defc98, 0x0000000087e00000| 93%| E|  |TAMS 0x0000000087d00000, 0x0000000087d00000| Complete 
| 126|0x0000000087e00000, 0x0000000087f00000, 0x0000000087f00000|100%| E|  |TAMS 0x0000000087e00000, 0x0000000087e00000| Complete 
| 127|0x0000000087f00000, 0x0000000088000000, 0x0000000088000000|100%| E|CS|TAMS 0x0000000087f00000, 0x0000000087f00000| Complete 

Card table byte_map: [0x000001831efd0000,0x000001831f3d0000] _byte_map_base: 0x000001831ebd0000

Marking Bits (Prev, Next): (CMBitMap*) 0x000001830c17eee0, (CMBitMap*) 0x000001830c17ef20
 Prev Bits: [0x000001831f7d0000, 0x00000183217d0000)
 Next Bits: [0x00000183217d0000, 0x00000183237d0000)

Polling page: 0x000001830a110000

Metaspace:

Usage:
  Non-class:      5.88 MB used.
      Class:    563.22 KB used.
       Both:      6.43 MB used.

Virtual space:
  Non-class space:       64.00 MB reserved,       5.94 MB (  9%) committed,  1 nodes.
      Class space:        1.00 GB reserved,     640.00 KB ( <1%) committed,  1 nodes.
             Both:        1.06 GB reserved,       6.56 MB ( <1%) committed. 

Chunk freelists:
   Non-Class:  10.04 MB
       Class:  15.25 MB
        Both:  25.29 MB

MaxMetaspaceSize: unlimited
CompressedClassSpaceSize: 1.00 GB
Initial GC threshold: 21.00 MB
Current GC threshold: 21.00 MB
CDS: off
MetaspaceReclaimPolicy: balanced
 - commit_granule_bytes: 65536.
 - commit_granule_words: 8192.
 - virtual_space_node_default_size: 8388608.
 - enlarge_chunks_in_place: 1.
 - new_chunks_are_fully_committed: 0.
 - uncommit_free_chunks: 1.
 - use_allocation_guard: 0.
 - handle_deallocations: 1.


Internal statistics:

num_allocs_failed_limit: 0.
num_arena_births: 8.
num_arena_deaths: 0.
num_vsnodes_births: 2.
num_vsnodes_deaths: 0.
num_space_committed: 105.
num_space_uncommitted: 0.
num_chunks_returned_to_freelist: 0.
num_chunks_taken_from_freelist: 26.
num_chunk_merges: 0.
num_chunk_splits: 13.
num_chunks_enlarged: 6.
num_inconsistent_stats: 0.

CodeHeap 'non-profiled nmethods': size=120000Kb used=44Kb max_used=44Kb free=119955Kb
 bounds [0x0000018317370000, 0x00000183175e0000, 0x000001831e8a0000]
CodeHeap 'profiled nmethods': size=120000Kb used=216Kb max_used=216Kb free=119783Kb
 bounds [0x000001830f8a0000, 0x000001830fb10000, 0x0000018316dd0000]
CodeHeap 'non-nmethods': size=5760Kb used=1102Kb max_used=1106Kb free=4657Kb
 bounds [0x0000018316dd0000, 0x0000018317040000, 0x0000018317370000]
 total_blobs=541 nmethods=163 adapters=291
 compilation: enabled
              stopped_count=0, restarted_count=0
 full_count=0

Compilation events (20 events):
Event: 0.283 Thread 0x00000183263c3390 nmethod 154 0x000001830f8cd990 code [0x000001830f8cdde0, 0x000001830f8cfde8]
Event: 0.283 Thread 0x00000183263c3390  164       3       java.io.DataInputStream::readFully (59 bytes)
Event: 0.283 Thread 0x00000183263c3390 nmethod 164 0x000001830f8d0990 code [0x000001830f8d0b80, 0x000001830f8d10a8]
Event: 0.283 Thread 0x00000183263c3390  165  s    3       java.io.BufferedInputStream::read (113 bytes)
Event: 0.284 Thread 0x00000183263c3390 nmethod 165 0x000001830f8d1310 code [0x000001830f8d1540, 0x000001830f8d1db8]
Event: 0.284 Thread 0x00000183263c3390  168       3       java.util.HashMap::putVal (300 bytes)
Event: 0.285 Thread 0x00000183263c3390 nmethod 168 0x000001830f8d2010 code [0x000001830f8d22c0, 0x000001830f8d3498]
Event: 0.285 Thread 0x00000183263c3390  167       3       java.util.HashMap::put (13 bytes)
Event: 0.285 Thread 0x00000183263c3390 nmethod 167 0x000001830f8d3990 code [0x000001830f8d3b40, 0x000001830f8d3e38]
Event: 0.285 Thread 0x00000183263c3390  162       3       java.io.DataInputStream::readUnsignedShort (38 bytes)
Event: 0.285 Thread 0x00000183263c3390 nmethod 162 0x000001830f8d3f90 code [0x000001830f8d4160, 0x000001830f8d44c8]
Event: 0.285 Thread 0x00000183263c3390  166       3       java.io.DataInputStream::readShort (6 bytes)
Event: 0.285 Thread 0x00000183263c3390 nmethod 166 0x000001830f8d4610 code [0x000001830f8d47a0, 0x000001830f8d48e8]
Event: 0.285 Thread 0x00000183263c3390  160       3       java.util.Objects::checkFromIndexSize (8 bytes)
Event: 0.285 Thread 0x00000183263c3390 nmethod 160 0x000001830f8d4990 code [0x000001830f8d4b40, 0x000001830f8d4d68]
Event: 0.285 Thread 0x00000183263c3390  161       3       jdk.internal.util.Preconditions::checkFromIndexSize (25 bytes)
Event: 0.286 Thread 0x00000183263c3390 nmethod 161 0x000001830f8d4e90 code [0x000001830f8d5040, 0x000001830f8d5208]
Event: 0.286 Thread 0x00000183263c3390  163       3       java.io.BufferedInputStream::read1 (108 bytes)
Event: 0.286 Thread 0x00000183263c3390 nmethod 163 0x000001830f8d5310 code [0x000001830f8d5560, 0x000001830f8d5e78]
Event: 0.286 Thread 0x00000183263c3390  156       3       java.lang.String::<init> (74 bytes)

GC Heap History (0 events):
No events

Dll operation events (1 events):
Event: 0.018 Loaded shared library C:\Users\user\AppData\Local\Programs\IntelliJ IDEA Ultimate 2024.1.2\jbr\bin\java.dll

Deoptimization events (0 events):
No events

Classes unloaded (0 events):
No events

Classes redefined (0 events):
No events

Internal exceptions (0 events):
No events

VM Operations (2 events):
Event: 0.242 Executing VM operation: HandshakeAllThreads
Event: 0.242 Executing VM operation: HandshakeAllThreads done

Events (20 events):
Event: 0.284 loading class sun/util/calendar/ZoneInfoFile$ZoneOffsetTransitionRule
Event: 0.284 loading class sun/util/calendar/ZoneInfoFile$ZoneOffsetTransitionRule done
Event: 0.285 loading class java/util/regex/Pattern$Curly
Event: 0.285 loading class java/util/regex/Pattern$Curly done
Event: 0.285 loading class java/util/regex/Pattern$Ques
Event: 0.285 loading class java/util/regex/Pattern$Ques done
Event: 0.285 loading class java/util/regex/Pattern$TreeInfo
Event: 0.285 loading class java/util/regex/Pattern$TreeInfo done
Event: 0.285 loading class java/util/regex/Pattern$Loop
Event: 0.285 loading class java/util/regex/Pattern$Loop done
Event: 0.285 loading class java/util/regex/Pattern$Prolog
Event: 0.285 loading class java/util/regex/Pattern$Prolog done
Event: 0.285 loading class java/util/regex/Pattern$Begin
Event: 0.285 loading class java/util/regex/Pattern$Begin done
Event: 0.285 loading class java/util/regex/Pattern$First
Event: 0.285 loading class java/util/regex/Pattern$First done
Event: 0.285 loading class java/util/regex/Pattern$Start
Event: 0.285 loading class java/util/regex/Pattern$Start done
Event: 0.286 loading class java/util/StringTokenizer
Event: 0.286 loading class java/util/StringTokenizer done


Dynamic libraries:
0x00007ff702630000 - 0x00007ff70263a000 	C:\Users\user\AppData\Local\Programs\IntelliJ IDEA Ultimate 2024.1.2\jbr\bin\java.exe
0x00007ffbf13d0000 - 0x00007ffbf15e7000 	C:\WINDOWS\SYSTEM32\ntdll.dll
0x00007ffbefda0000 - 0x00007ffbefe64000 	C:\WINDOWS\System32\KERNEL32.DLL
0x00007ffbee700000 - 0x00007ffbeeaac000 	C:\WINDOWS\System32\KERNELBASE.dll
0x00007ffbeeab0000 - 0x00007ffbeebc1000 	C:\WINDOWS\System32\ucrtbase.dll
0x00007ffbd5770000 - 0x00007ffbd578b000 	C:\Users\user\AppData\Local\Programs\IntelliJ IDEA Ultimate 2024.1.2\jbr\bin\VCRUNTIME140.dll
0x00007ffbb40d0000 - 0x00007ffbb40e7000 	C:\Users\user\AppData\Local\Programs\IntelliJ IDEA Ultimate 2024.1.2\jbr\bin\jli.dll
0x00007ffbef110000 - 0x00007ffbef2be000 	C:\WINDOWS\System32\USER32.dll
0x00007ffbef0e0000 - 0x00007ffbef106000 	C:\WINDOWS\System32\win32u.dll
0x00007ffbef900000 - 0x00007ffbef929000 	C:\WINDOWS\System32\GDI32.dll
0x00007ffbeefc0000 - 0x00007ffbef0d9000 	C:\WINDOWS\System32\gdi32full.dll
0x00007ffbd5e90000 - 0x00007ffbd6123000 	C:\WINDOWS\WinSxS\amd64_microsoft.windows.common-controls_6595b64144ccf1df_6.0.22621.3672_none_2713b9d173822955\COMCTL32.dll
0x00007ffbeef20000 - 0x00007ffbeefba000 	C:\WINDOWS\System32\msvcp_win.dll
0x00007ffbef2c0000 - 0x00007ffbef367000 	C:\WINDOWS\System32\msvcrt.dll
0x00007ffbef8c0000 - 0x00007ffbef8f1000 	C:\WINDOWS\System32\IMM32.DLL
0x00007ffbdda80000 - 0x00007ffbdda8c000 	C:\Users\user\AppData\Local\Programs\IntelliJ IDEA Ultimate 2024.1.2\jbr\bin\vcruntime140_1.dll
0x00007ffbd2640000 - 0x00007ffbd26cd000 	C:\Users\user\AppData\Local\Programs\IntelliJ IDEA Ultimate 2024.1.2\jbr\bin\msvcp140.dll
0x00007ffb73f40000 - 0x00007ffb74bc3000 	C:\Users\user\AppData\Local\Programs\IntelliJ IDEA Ultimate 2024.1.2\jbr\bin\server\jvm.dll
0x00007ffbef9f0000 - 0x00007ffbefaa2000 	C:\WINDOWS\System32\ADVAPI32.dll
0x00007ffbef930000 - 0x00007ffbef9d8000 	C:\WINDOWS\System32\sechost.dll
0x00007ffbeeef0000 - 0x00007ffbeef18000 	C:\WINDOWS\System32\bcrypt.dll
0x00007ffbf0f10000 - 0x00007ffbf1025000 	C:\WINDOWS\System32\RPCRT4.dll
0x00007ffbe9a40000 - 0x00007ffbe9a49000 	C:\WINDOWS\SYSTEM32\WSOCK32.dll
0x00007ffbeffd0000 - 0x00007ffbf0041000 	C:\WINDOWS\System32\WS2_32.dll
0x00007ffbee5c0000 - 0x00007ffbee60d000 	C:\WINDOWS\SYSTEM32\POWRPROF.dll
0x00007ffbe6e20000 - 0x00007ffbe6e2a000 	C:\WINDOWS\SYSTEM32\VERSION.dll
0x00007ffbe7ff0000 - 0x00007ffbe8024000 	C:\WINDOWS\SYSTEM32\WINMM.dll
0x00007ffbee4f0000 - 0x00007ffbee503000 	C:\WINDOWS\SYSTEM32\UMPDC.dll
0x00007ffbed6f0000 - 0x00007ffbed708000 	C:\WINDOWS\SYSTEM32\kernel.appcore.dll
0x00007ffbddbc0000 - 0x00007ffbddbca000 	C:\Users\user\AppData\Local\Programs\IntelliJ IDEA Ultimate 2024.1.2\jbr\bin\jimage.dll
0x00007ffbd2d50000 - 0x00007ffbd2f82000 	C:\WINDOWS\SYSTEM32\DBGHELP.DLL
0x00007ffbef530000 - 0x00007ffbef8b8000 	C:\WINDOWS\System32\combase.dll
0x00007ffbf12b0000 - 0x00007ffbf1387000 	C:\WINDOWS\System32\OLEAUT32.dll
0x00007ffbce5b0000 - 0x00007ffbce5e2000 	C:\WINDOWS\SYSTEM32\dbgcore.DLL
0x00007ffbeee70000 - 0x00007ffbeeeeb000 	C:\WINDOWS\System32\bcryptPrimitives.dll
0x00007ffbc9b90000 - 0x00007ffbc9bb5000 	C:\Users\user\AppData\Local\Programs\IntelliJ IDEA Ultimate 2024.1.2\jbr\bin\java.dll
0x00007ffbd5240000 - 0x00007ffbd5258000 	C:\Users\user\AppData\Local\Programs\IntelliJ IDEA Ultimate 2024.1.2\jbr\bin\zip.dll
0x00007ffbf05b0000 - 0x00007ffbf0e0c000 	C:\WINDOWS\System32\SHELL32.dll
0x00007ffbec600000 - 0x00007ffbecef7000 	C:\WINDOWS\SYSTEM32\windows.storage.dll
0x00007ffbec4c0000 - 0x00007ffbec5ff000 	C:\WINDOWS\SYSTEM32\wintypes.dll
0x00007ffbf0e10000 - 0x00007ffbf0f04000 	C:\WINDOWS\System32\SHCORE.dll
0x00007ffbf0060000 - 0x00007ffbf00be000 	C:\WINDOWS\System32\shlwapi.dll
0x00007ffbee630000 - 0x00007ffbee651000 	C:\WINDOWS\SYSTEM32\profapi.dll
0x00007ffbd2610000 - 0x00007ffbd2629000 	C:\Users\user\AppData\Local\Programs\IntelliJ IDEA Ultimate 2024.1.2\jbr\bin\net.dll
0x00007ffbe87f0000 - 0x00007ffbe8926000 	C:\WINDOWS\SYSTEM32\WINHTTP.dll
0x00007ffbedb50000 - 0x00007ffbedbb9000 	C:\WINDOWS\system32\mswsock.dll
0x00007ffbd09e0000 - 0x00007ffbd09f6000 	C:\Users\user\AppData\Local\Programs\IntelliJ IDEA Ultimate 2024.1.2\jbr\bin\nio.dll

dbghelp: loaded successfully - version: 4.0.5 - missing functions: none
symbol engine: initialized successfully - sym options: 0x614 - pdb path: .;C:\Users\user\AppData\Local\Programs\IntelliJ IDEA Ultimate 2024.1.2\jbr\bin;C:\WINDOWS\SYSTEM32;C:\WINDOWS\WinSxS\amd64_microsoft.windows.common-controls_6595b64144ccf1df_6.0.22621.3672_none_2713b9d173822955;C:\Users\user\AppData\Local\Programs\IntelliJ IDEA Ultimate 2024.1.2\jbr\bin\server

VM Arguments:
jvm_args: -Djava.rmi.server.hostname=127.0.0.1 -Duser.timezone=UTC -Xmx2048m -Xms128m -Djdbc.classpath=C:\Users\user\AppData\Local\Programs\IntelliJ IDEA Ultimate 2024.1.2\plugins\DatabaseTools\lib\jdbc-console.jar;C:\Users\user\AppData\Roaming\JetBrains\IntelliJIdea2024.1\jdbc-drivers\PostgreSQL\42.6.0\org\postgresql\postgresql\42.6.0\postgresql-42.6.0.jar;C:\Users\user\AppData\Roaming\JetBrains\IntelliJIdea2024.1\jdbc-drivers\PostgreSQL\42.6.0\org\checkerframework\checker-qual\3.31.0\checker-qual-3.31.0.jar;C:\Users\user\AppData\Roaming\JetBrains\IntelliJIdea2024.1\jdbc-drivers\PostgreSQL\42.6.0\com\github\waffle\waffle-jna\1.9.1\waffle-jna-1.9.1.jar;C:\Users\user\AppData\Roaming\JetBrains\IntelliJIdea2024.1\jdbc-drivers\PostgreSQL\42.6.0\net\java\dev\jna\jna\4.5.1\jna-4.5.1.jar;C:\Users\user\AppData\Roaming\JetBrains\IntelliJIdea2024.1\jdbc-drivers\PostgreSQL\42.6.0\net\java\dev\jna\jna-platform\4.5.1\jna-platform-4.5.1.jar;C:\Users\user\AppData\Roaming\JetBrains\IntelliJIdea2024.1\jdbc-drivers\PostgreSQL\42.6.0\org\slf4j\jcl-over-slf4j\1.7.25\jcl-over-slf4j-1.7.25.jar;C:\Users\user\AppData\Roaming\JetBrains\IntelliJIdea2024.1\jdbc-drivers\PostgreSQL\42.6.0\org\slf4j\slf4j-api\1.7.25\slf4j-api-1.7.25.jar;C:\Users\user\AppData\Roaming\JetBrains\IntelliJIdea2024.1\jdbc-drivers\PostgreSQL\42.6.0\com\github\ben-manes\caffeine\caffeine\2.6.2\caffeine-2.6.2.jar --add-exports=java.desktop/sun.awt=ALL-UNNAMED --add-exports=java.desktop/java.awt.peer=ALL-UNNAMED --add-opens=java.desktop/java.awt=ALL-UNNAMED --add-opens=jdk.unsupported/sun.misc=ALL-UNNAMED --add-opens=java.base/java.nio=ALL-UNNAMED --add-opens=java.base/java.util=ALL-UNNAMED -Dfile.encoding=UTF-8 
java_command: com.intellij.database.remote.RemoteJdbcServer org.postgresql.Driver
java_class_path (initial): C:\Users\user\AppData\Local\Programs\IntelliJ IDEA Ultimate 2024.1.2\lib\util_rt.jar;C:\Users\user\AppData\Local\Programs\IntelliJ IDEA Ultimate 2024.1.2\lib\util-8.jar;C:\Users\user\AppData\Local\Programs\IntelliJ IDEA Ultimate 2024.1.2\lib\groovy.jar;C:\Users\user\AppData\Local\Programs\IntelliJ IDEA Ultimate 2024.1.2\plugins\DatabaseTools\lib\jdbc-console.jar;C:\Users\user\AppData\Local\Programs\IntelliJ IDEA Ultimate 2024.1.2\plugins\grid-core-impl\lib\jdbc-console-types.jar;C:\Users\user\AppData\Local\Programs\IntelliJ IDEA Ultimate 2024.1.2\lib\util.jar
Launcher Type: SUN_STANDARD

[Global flags]
     intx CICompilerCount                          = 4                                         {product} {ergonomic}
     uint ConcGCThreads                            = 2                                         {product} {ergonomic}
     uint G1ConcRefinementThreads                  = 8                                         {product} {ergonomic}
   size_t G1HeapRegionSize                         = 1048576                                   {product} {ergonomic}
    uintx GCDrainStackTargetSize                   = 64                                        {product} {ergonomic}
   size_t InitialHeapSize                          = 134217728                                 {product} {command line}
   size_t MarkStackSize                            = 4194304                                   {product} {ergonomic}
   size_t MaxHeapSize                              = 2147483648                                {product} {command line}
   size_t MaxNewSize                               = 1287651328                                {product} {ergonomic}
   size_t MinHeapDeltaBytes                        = 1048576                                   {product} {ergonomic}
   size_t MinHeapSize                              = 134217728                                 {product} {command line}
    uintx NonNMethodCodeHeapSize                   = 5839372                                {pd product} {ergonomic}
    uintx NonProfiledCodeHeapSize                  = 122909434                              {pd product} {ergonomic}
    uintx ProfiledCodeHeapSize                     = 122909434                              {pd product} {ergonomic}
    uintx ReservedCodeCacheSize                    = 251658240                              {pd product} {ergonomic}
     bool SegmentedCodeCache                       = true                                      {product} {ergonomic}
   size_t SoftMaxHeapSize                          = 2147483648                             {manageable} {ergonomic}
     bool UseCompressedClassPointers               = true                           {product lp64_product} {ergonomic}
     bool UseCompressedOops                        = true                           {product lp64_product} {ergonomic}
     bool UseG1GC                                  = true                                      {product} {ergonomic}
     bool UseLargePagesIndividualAllocation        = false                                  {pd product} {ergonomic}

Logging:
Log output configuration:
 #0: stdout all=warning uptime,level,tags
 #1: stderr all=off uptime,level,tags

Environment Variables:
PATH=C:\Program Files\Common Files\Oracle\Java\javapath;C:\WINDOWS\system32;C:\WINDOWS;C:\WINDOWS\System32\Wbem;C:\WINDOWS\System32\WindowsPowerShell\v1.0\;C:\WINDOWS\System32\OpenSSH\;C:\Program Files\dotnet\;C:\Program Files\Docker\Docker\resources\bin;C:\Program Files\nodejs\;C:\ProgramData\chocolatey\bin;C:\Program Files\Git\cmd;C:\Users\user\AppData\Local\Programs\Python\Python312\Scripts\;C:\Users\user\AppData\Local\Programs\Python\Python312\;C:\Program Files\MySQL\MySQL Shell 8.0\bin\;C:\Users\user\AppData\Local\Microsoft\WindowsApps;C:\Users\user\AppData\Local\Programs\Microsoft VS Code\bin;C:\Users\user\AppData\Local\GitHubDesktop\bin;;C:\Program Files\JetBrains\IntelliJ IDEA Community Edition 2024.1\bin;;C:\Users\user\.dotnet\tools;C:\Program Files\JetBrains\PyCharm Community Edition 2024.1\bin;;C:\Users\user\AppData\Local\Microsoft\WinGet\Packages\Schniz.fnm_Microsoft.Winget.Source_8wekyb3d8bbwe;C:\Users\user\AppData\Roaming\npm
USERNAME=user
OS=Windows_NT
PROCESSOR_IDENTIFIER=Intel64 Family 6 Model 142 Stepping 12, GenuineIntel
TMP=C:\Users\user\AppData\Local\Temp
TEMP=C:\Users\user\AppData\Local\Temp



Periodic native trim disabled

JNI global refs:
JNI global refs: 8, weak refs: 0

JNI global refs memory usage: 843, weak refs: 209

Process memory usage:
Resident Set Size: 39520K (0% of 8190240K total physical memory with 478568K free physical memory)

OOME stack traces (most recent first):
Classloader memory used:
Loader bootstrap                                                                       : 813K
Loader jdk.internal.loader.ClassLoaders$AppClassLoader                                 : 9563B
Loader jdk.internal.loader.ClassLoaders$PlatformClassLoader                            : 732B


---------------  S Y S T E M  ---------------

OS:
 Windows 11 , 64 bit Build 22621 (10.0.22621.3672)
OS uptime: 2 days 5:03 hours
Hyper-V role detected

CPU: total 8 (initial active 8) (4 cores per cpu, 2 threads per core) family 6 model 142 stepping 12 microcode 0xf8, cx8, cmov, fxsr, ht, mmx, 3dnowpref, sse, sse2, sse3, ssse3, sse4.1, sse4.2, popcnt, lzcnt, tsc, tscinvbit, avx, avx2, aes, erms, clmul, bmi1, bmi2, adx, fma, vzeroupper, clflush, clflushopt, hv
Processor Information for all 8 processors :
  Max Mhz: 1800, Current Mhz: 1600, Mhz Limit: 1584

Memory: 4k page, system-wide physical 7998M (467M free)
TotalPageFile size 20798M (AvailPageFile size 1M)
current process WorkingSet (physical memory assigned to process): 38M, peak: 38M
current process commit charge ("private bytes"): 206M, peak: 207M

vm_info: OpenJDK 64-Bit Server VM (17.0.11+1-b1207.24) for windows-amd64 JRE (17.0.11+1-b1207.24), built on 2024-05-15 by "builduser" with MS VC++ 16.10 / 16.11 (VS2019)

END.
