#
# There is insufficient memory for the Java Runtime Environment to continue.
# Native memory allocation (malloc) failed to allocate 32744 bytes. Error detail: ChunkPool::allocate
# Possible reasons:
#   The system is out of physical RAM or swap space
#   This process is running with CompressedOops enabled, and the Java Heap may be blocking the growth of the native heap
# Possible solutions:
#   Reduce memory load on the system
#   Increase physical memory or swap space
#   Check if swap backing store is full
#   Decrease Java heap size (-Xmx/-Xms)
#   Decrease number of Java threads
#   Decrease Java thread stack sizes (-Xss)
#   Set larger code cache with -XX:ReservedCodeCacheSize=
#   JVM is running with Unscaled Compressed Oops mode in which the Java heap is
#     placed in the first 4GB address space. The Java Heap base address is the
#     maximum limit for the native heap growth. Please use -XX:HeapBaseMinAddress
#     to set the Java Heap base and to place the Java Heap above 4GB virtual address.
# This output file may be truncated or incomplete.
#
#  Out of Memory Error (arena.cpp:79), pid=8504, tid=14592
#
# JRE version: OpenJDK Runtime Environment JBR-17.0.11+1-1207.24-jcef (17.0.11+1) (build 17.0.11+1-b1207.24)
# Java VM: OpenJDK 64-Bit Server VM JBR-17.0.11+1-1207.24-jcef (17.0.11+1-b1207.24, mixed mode, tiered, compressed oops, compressed class ptrs, g1 gc, windows-amd64)
# No core dump will be written. Minidumps are not enabled by default on client versions of Windows
#

---------------  S U M M A R Y ------------

Command Line: -Djava.rmi.server.hostname=127.0.0.1 -Duser.timezone=UTC -Xmx2048m -Xms128m -Djdbc.classpath=C:\Users\user\AppData\Local\Programs\IntelliJ IDEA Ultimate 2024.1.2\plugins\DatabaseTools\lib\jdbc-console.jar;C:\Users\user\AppData\Roaming\JetBrains\IntelliJIdea2024.1\jdbc-drivers\PostgreSQL\42.6.0\org\postgresql\postgresql\42.6.0\postgresql-42.6.0.jar;C:\Users\user\AppData\Roaming\JetBrains\IntelliJIdea2024.1\jdbc-drivers\PostgreSQL\42.6.0\org\checkerframework\checker-qual\3.31.0\checker-qual-3.31.0.jar;C:\Users\user\AppData\Roaming\JetBrains\IntelliJIdea2024.1\jdbc-drivers\PostgreSQL\42.6.0\com\github\waffle\waffle-jna\1.9.1\waffle-jna-1.9.1.jar;C:\Users\user\AppData\Roaming\JetBrains\IntelliJIdea2024.1\jdbc-drivers\PostgreSQL\42.6.0\net\java\dev\jna\jna\4.5.1\jna-4.5.1.jar;C:\Users\user\AppData\Roaming\JetBrains\IntelliJIdea2024.1\jdbc-drivers\PostgreSQL\42.6.0\net\java\dev\jna\jna-platform\4.5.1\jna-platform-4.5.1.jar;C:\Users\user\AppData\Roaming\JetBrains\IntelliJIdea2024.1\jdbc-drivers\PostgreSQL\42.6.0\org\slf4j\jcl-over-slf4j\1.7.25\jcl-over-slf4j-1.7.25.jar;C:\Users\user\AppData\Roaming\JetBrains\IntelliJIdea2024.1\jdbc-drivers\PostgreSQL\42.6.0\org\slf4j\slf4j-api\1.7.25\slf4j-api-1.7.25.jar;C:\Users\user\AppData\Roaming\JetBrains\IntelliJIdea2024.1\jdbc-drivers\PostgreSQL\42.6.0\com\github\ben-manes\caffeine\caffeine\2.6.2\caffeine-2.6.2.jar --add-exports=java.desktop/sun.awt=ALL-UNNAMED --add-exports=java.desktop/java.awt.peer=ALL-UNNAMED --add-opens=java.desktop/java.awt=ALL-UNNAMED --add-opens=jdk.unsupported/sun.misc=ALL-UNNAMED --add-opens=java.base/java.nio=ALL-UNNAMED --add-opens=java.base/java.util=ALL-UNNAMED -Dfile.encoding=UTF-8 com.intellij.database.remote.RemoteJdbcServer org.postgresql.Driver

Host: Intel(R) Core(TM) i5-8265U CPU @ 1.60GHz, 8 cores, 7G,  Windows 11 , 64 bit Build 22621 (10.0.22621.3672)
Time: Thu Jun  6 16:32:54 2024 E. Africa Standard Time elapsed time: 0.671054 seconds (0d 0h 0m 0s)

---------------  T H R E A D  ---------------

Current thread (0x000002007948a740):  JavaThread "main" [_thread_in_vm, id=14592, stack(0x0000002b33000000,0x0000002b33100000)]

Stack: [0x0000002b33000000,0x0000002b33100000]
Native frames: (J=compiled Java code, j=interpreted, Vv=VM code, C=native code)
V  [jvm.dll+0x6877f9]
V  [jvm.dll+0x8411aa]
V  [jvm.dll+0x842e2e]
V  [jvm.dll+0x843493]
V  [jvm.dll+0x249fdf]
V  [jvm.dll+0xac741]
V  [jvm.dll+0xacb8c]
V  [jvm.dll+0x2c4e9a]
V  [jvm.dll+0x2c446e]
V  [jvm.dll+0x1ee525]
V  [jvm.dll+0x1e3215]
V  [jvm.dll+0x54c22c]
V  [jvm.dll+0x7ba544]
V  [jvm.dll+0x7ba494]
V  [jvm.dll+0x414968]
V  [jvm.dll+0x4280dc]
C  [java.dll+0x1657]

Java frames: (J=compiled Java code, j=interpreted, Vv=VM code)
j  java.lang.ClassLoader.defineClass0(Ljava/lang/ClassLoader;Ljava/lang/Class;Ljava/lang/String;[BIILjava/security/ProtectionDomain;ZILjava/lang/Object;)Ljava/lang/Class;+0 java.base@17.0.11
j  java.lang.System$2.defineClass(Ljava/lang/ClassLoader;Ljava/lang/Class;Ljava/lang/String;[BLjava/security/ProtectionDomain;ZILjava/lang/Object;)Ljava/lang/Class;+17 java.base@17.0.11
j  java.lang.invoke.MethodHandles$Lookup$ClassDefiner.defineClass(ZLjava/lang/Object;)Ljava/lang/Class;+54 java.base@17.0.11
j  java.lang.invoke.InvokerBytecodeGenerator.loadMethod([B)Ljava/lang/invoke/MemberName;+16 java.base@17.0.11
j  java.lang.invoke.InvokerBytecodeGenerator.generateCustomizedCode(Ljava/lang/invoke/LambdaForm;Ljava/lang/invoke/MethodType;)Ljava/lang/invoke/MemberName;+30 java.base@17.0.11
j  java.lang.invoke.LambdaForm.compileToBytecode()V+69 java.base@17.0.11
j  java.lang.invoke.LambdaForm.prepare()V+21 java.base@17.0.11
j  java.lang.invoke.MethodHandle.<init>(Ljava/lang/invoke/MethodType;Ljava/lang/invoke/LambdaForm;)V+33 java.base@17.0.11
j  java.lang.invoke.BoundMethodHandle.<init>(Ljava/lang/invoke/MethodType;Ljava/lang/invoke/LambdaForm;)V+3 java.base@17.0.11
j  java.lang.invoke.BoundMethodHandle$Species_LLLL.<init>(Ljava/lang/invoke/MethodType;Ljava/lang/invoke/LambdaForm;Ljava/lang/Object;Ljava/lang/Object;Ljava/lang/Object;Ljava/lang/Object;)V+3 java.base@17.0.11
j  java.lang.invoke.BoundMethodHandle$Species_LLLL.make(Ljava/lang/invoke/MethodType;Ljava/lang/invoke/LambdaForm;Ljava/lang/Object;Ljava/lang/Object;Ljava/lang/Object;Ljava/lang/Object;)Ljava/lang/invoke/BoundMethodHandle;+12 java.base@17.0.11
j  java.lang.invoke.DirectMethodHandle$Holder.invokeStatic(Ljava/lang/Object;Ljava/lang/Object;Ljava/lang/Object;Ljava/lang/Object;Ljava/lang/Object;Ljava/lang/Object;Ljava/lang/Object;)Ljava/lang/Object;+20 java.base@17.0.11
j  java.lang.invoke.BoundMethodHandle$Species_LLL.copyWithExtendL(Ljava/lang/invoke/MethodType;Ljava/lang/invoke/LambdaForm;Ljava/lang/Object;)Ljava/lang/invoke/BoundMethodHandle;+22 java.base@17.0.11
j  java.lang.invoke.MethodHandleImpl.makePairwiseConvertByEditor(Ljava/lang/invoke/MethodHandle;Ljava/lang/invoke/MethodType;ZZ)Ljava/lang/invoke/MethodHandle;+544 java.base@17.0.11
j  java.lang.invoke.MethodHandleImpl.makePairwiseConvert(Ljava/lang/invoke/MethodHandle;Ljava/lang/invoke/MethodType;ZZ)Ljava/lang/invoke/MethodHandle;+18 java.base@17.0.11
j  java.lang.invoke.MethodHandleImpl.makePairwiseConvert(Ljava/lang/invoke/MethodHandle;Ljava/lang/invoke/MethodType;Z)Ljava/lang/invoke/MethodHandle;+4 java.base@17.0.11
j  java.lang.invoke.MethodHandle.asTypeUncached(Ljava/lang/invoke/MethodType;)Ljava/lang/invoke/MethodHandle;+51 java.base@17.0.11
j  java.lang.invoke.MethodHandle.asType(Ljava/lang/invoke/MethodType;)Ljava/lang/invoke/MethodHandle;+24 java.base@17.0.11
j  java.lang.invoke.MethodHandleImpl$BindCaller.restoreToType(Ljava/lang/invoke/MethodHandle;Ljava/lang/invoke/MethodHandle;Ljava/lang/Class;)Ljava/lang/invoke/MethodHandle;+26 java.base@17.0.11
j  java.lang.invoke.MethodHandleImpl$BindCaller.bindCaller(Ljava/lang/invoke/MethodHandle;Ljava/lang/Class;)Ljava/lang/invoke/MethodHandle;+61 java.base@17.0.11
j  java.lang.invoke.MethodHandleImpl.bindCaller(Ljava/lang/invoke/MethodHandle;Ljava/lang/Class;)Ljava/lang/invoke/MethodHandle;+2 java.base@17.0.11
j  java.lang.invoke.MethodHandles$Lookup.maybeBindCaller(Ljava/lang/invoke/MemberName;Ljava/lang/invoke/MethodHandle;Ljava/lang/invoke/MethodHandles$Lookup;)Ljava/lang/invoke/MethodHandle;+64 java.base@17.0.11
j  java.lang.invoke.MethodHandles$Lookup.getDirectMethodCommon(BLjava/lang/Class;Ljava/lang/invoke/MemberName;ZZLjava/lang/invoke/MethodHandles$Lookup;)Ljava/lang/invoke/MethodHandle;+264 java.base@17.0.11
j  java.lang.invoke.MethodHandles$Lookup.getDirectMethodNoSecurityManager(BLjava/lang/Class;Ljava/lang/invoke/MemberName;Ljava/lang/invoke/MethodHandles$Lookup;)Ljava/lang/invoke/MethodHandle;+14 java.base@17.0.11
j  java.lang.invoke.MethodHandles$Lookup.getDirectMethodForConstant(BLjava/lang/Class;Ljava/lang/invoke/MemberName;)Ljava/lang/invoke/MethodHandle;+31 java.base@17.0.11
j  java.lang.invoke.MethodHandles$Lookup.linkMethodHandleConstant(BLjava/lang/Class;Ljava/lang/String;Ljava/lang/Object;)Ljava/lang/invoke/MethodHandle;+153 java.base@17.0.11
j  java.lang.invoke.MethodHandleNatives.linkMethodHandleConstant(Ljava/lang/Class;ILjava/lang/Class;Ljava/lang/String;Ljava/lang/Object;)Ljava/lang/invoke/MethodHandle;+38 java.base@17.0.11
v  ~StubRoutines::call_stub
j  com.jetbrains.base.JBRApiModule.<clinit>()V+13 java.base@17.0.11
v  ~StubRoutines::call_stub
j  java.lang.Class.forName0(Ljava/lang/String;ZLjava/lang/ClassLoader;Ljava/lang/Class;)Ljava/lang/Class;+0 java.base@17.0.11
j  java.lang.Class.forName(Ljava/lang/String;ZLjava/lang/ClassLoader;)Ljava/lang/Class;+43 java.base@17.0.11
j  com.jetbrains.bootstrap.JBRApiBootstrap.bootstrap(Ljava/lang/invoke/MethodHandles$Lookup;)Ljava/lang/Object;+114 java.base@17.0.11
v  ~StubRoutines::call_stub
j  jdk.internal.reflect.NativeMethodAccessorImpl.invoke0(Ljava/lang/reflect/Method;Ljava/lang/Object;[Ljava/lang/Object;)Ljava/lang/Object;+0 java.base@17.0.11
j  jdk.internal.reflect.NativeMethodAccessorImpl.invoke(Ljava/lang/Object;[Ljava/lang/Object;)Ljava/lang/Object;+133 java.base@17.0.11
j  jdk.internal.reflect.DelegatingMethodAccessorImpl.invoke(Ljava/lang/Object;[Ljava/lang/Object;)Ljava/lang/Object;+6 java.base@17.0.11
j  java.lang.reflect.Method.invoke(Ljava/lang/Object;[Ljava/lang/Object;)Ljava/lang/Object;+59 java.base@17.0.11
j  com.jetbrains.JBR.<clinit>()V+34
v  ~StubRoutines::call_stub
j  com.intellij.database.remote.toolkit.JbrApiHandler.create()Lcom/intellij/openapi/util/Setter;+0
j  com.intellij.database.remote.toolkit.RemoteDesktopActionsHandlerImpl.prepareHandler()V+26
j  com.intellij.database.remote.RemoteJdbcServer.start(Ljava/rmi/Remote;)V+8
j  com.intellij.database.remote.RemoteJdbcServer.main([Ljava/lang/String;)V+13
v  ~StubRoutines::call_stub

---------------  P R O C E S S  ---------------

Threads class SMR info:
_java_thread_list=0x0000020013909db0, length=12, elements={
0x000002007948a740, 0x0000020013637890, 0x00000200137898f0, 0x00000200137ab010,
0x00000200137acaf0, 0x00000200137ad6b0, 0x00000200137ae270, 0x00000200137bc930,
0x00000200137bd3e0, 0x00000200137d85a0, 0x0000020013949010, 0x000002001395b410
}

Java Threads: ( => current thread )
=>0x000002007948a740 JavaThread "main" [_thread_in_vm, id=14592, stack(0x0000002b33000000,0x0000002b33100000)]
  0x0000020013637890 JavaThread "Reference Handler" daemon [_thread_blocked, id=2308, stack(0x0000002b33700000,0x0000002b33800000)]
  0x00000200137898f0 JavaThread "Finalizer" daemon [_thread_blocked, id=5076, stack(0x0000002b33800000,0x0000002b33900000)]
  0x00000200137ab010 JavaThread "Signal Dispatcher" daemon [_thread_blocked, id=10092, stack(0x0000002b33900000,0x0000002b33a00000)]
  0x00000200137acaf0 JavaThread "Attach Listener" daemon [_thread_blocked, id=17452, stack(0x0000002b33a00000,0x0000002b33b00000)]
  0x00000200137ad6b0 JavaThread "Service Thread" daemon [_thread_blocked, id=8500, stack(0x0000002b33b00000,0x0000002b33c00000)]
  0x00000200137ae270 JavaThread "Monitor Deflation Thread" daemon [_thread_blocked, id=21192, stack(0x0000002b33c00000,0x0000002b33d00000)]
  0x00000200137bc930 JavaThread "C2 CompilerThread0" daemon [_thread_blocked, id=13948, stack(0x0000002b33d00000,0x0000002b33e00000)]
  0x00000200137bd3e0 JavaThread "C1 CompilerThread0" daemon [_thread_blocked, id=21744, stack(0x0000002b33e00000,0x0000002b33f00000)]
  0x00000200137d85a0 JavaThread "Sweeper thread" daemon [_thread_blocked, id=10156, stack(0x0000002b33f00000,0x0000002b34000000)]
  0x0000020013949010 JavaThread "Common-Cleaner" daemon [_thread_blocked, id=7212, stack(0x0000002b34000000,0x0000002b34100000)]
  0x000002001395b410 JavaThread "Notification Thread" daemon [_thread_blocked, id=23048, stack(0x0000002b34100000,0x0000002b34200000)]

Other Threads:
  0x0000020013635df0 VMThread "VM Thread" [stack: 0x0000002b33600000,0x0000002b33700000] [id=10096]
  0x000002001395d900 WatcherThread [stack: 0x0000002b34200000,0x0000002b34300000] [id=18848]
  0x00000200794e58f0 GCTaskThread "GC Thread#0" [stack: 0x0000002b33100000,0x0000002b33200000] [id=3328]
  0x00000200794f6840 ConcurrentGCThread "G1 Main Marker" [stack: 0x0000002b33200000,0x0000002b33300000] [id=22016]
  0x00000200794f8a10 ConcurrentGCThread "G1 Conc#0" [stack: 0x0000002b33300000,0x0000002b33400000] [id=10884]
  0x000002007952d290 ConcurrentGCThread "G1 Refine#0" [stack: 0x0000002b33400000,0x0000002b33500000] [id=19468]
  0x000002007952dcc0 ConcurrentGCThread "G1 Service" [stack: 0x0000002b33500000,0x0000002b33600000] [id=18296]

Threads with active compile tasks:

VM state: not at safepoint (normal execution)

VM Mutex/Monitor currently owned by a thread: None

Heap address: 0x0000000080000000, size: 2048 MB, Compressed Oops mode: 32-bit

CDS archive(s) not mapped
Compressed class space mapped at: 0x0000000100000000-0x0000000140000000, reserved size: 1073741824
Narrow klass base: 0x0000000000000000, Narrow klass shift: 3, Narrow klass range: 0x140000000

GC Precious Log:
 CPUs: 8 total, 8 available
 Memory: 7998M
 Large Page Support: Disabled
 NUMA Support: Disabled
 Compressed Oops: Enabled (32-bit)
 Heap Region Size: 1M
 Heap Min Capacity: 128M
 Heap Initial Capacity: 128M
 Heap Max Capacity: 2G
 Pre-touch: Disabled
 Parallel Workers: 8
 Concurrent Workers: 2
 Concurrent Refinement Workers: 8
 Periodic GC: Disabled

Heap:
 garbage-first heap   total 131072K, used 5120K [0x0000000080000000, 0x0000000100000000)
  region size 1024K, 4 young (4096K), 0 survivors (0K)
 Metaspace       used 7922K, committed 8064K, reserved 1114112K
  class space    used 721K, committed 768K, reserved 1048576K

Heap Regions: E=young(eden), S=young(survivor), O=old, HS=humongous(starts), HC=humongous(continues), CS=collection set, F=free, OA=open archive, CA=closed archive, TAMS=top-at-mark-start (previous, next)
|   0|0x0000000080000000, 0x0000000080100000, 0x0000000080100000|100%|HS|  |TAMS 0x0000000080000000, 0x0000000080000000| Complete 
|   1|0x0000000080100000, 0x0000000080200000, 0x0000000080200000|100%|HC|  |TAMS 0x0000000080100000, 0x0000000080100000| Complete 
|   2|0x0000000080200000, 0x0000000080300000, 0x0000000080300000|100%|HC|  |TAMS 0x0000000080200000, 0x0000000080200000| Complete 
|   3|0x0000000080300000, 0x0000000080300000, 0x0000000080400000|  0%| F|  |TAMS 0x0000000080300000, 0x0000000080300000| Untracked 
|   4|0x0000000080400000, 0x0000000080400000, 0x0000000080500000|  0%| F|  |TAMS 0x0000000080400000, 0x0000000080400000| Untracked 
|   5|0x0000000080500000, 0x0000000080500000, 0x0000000080600000|  0%| F|  |TAMS 0x0000000080500000, 0x0000000080500000| Untracked 
|   6|0x0000000080600000, 0x0000000080600000, 0x0000000080700000|  0%| F|  |TAMS 0x0000000080600000, 0x0000000080600000| Untracked 
|   7|0x0000000080700000, 0x0000000080700000, 0x0000000080800000|  0%| F|  |TAMS 0x0000000080700000, 0x0000000080700000| Untracked 
|   8|0x0000000080800000, 0x0000000080800000, 0x0000000080900000|  0%| F|  |TAMS 0x0000000080800000, 0x0000000080800000| Untracked 
|   9|0x0000000080900000, 0x0000000080900000, 0x0000000080a00000|  0%| F|  |TAMS 0x0000000080900000, 0x0000000080900000| Untracked 
|  10|0x0000000080a00000, 0x0000000080a00000, 0x0000000080b00000|  0%| F|  |TAMS 0x0000000080a00000, 0x0000000080a00000| Untracked 
|  11|0x0000000080b00000, 0x0000000080b00000, 0x0000000080c00000|  0%| F|  |TAMS 0x0000000080b00000, 0x0000000080b00000| Untracked 
|  12|0x0000000080c00000, 0x0000000080c00000, 0x0000000080d00000|  0%| F|  |TAMS 0x0000000080c00000, 0x0000000080c00000| Untracked 
|  13|0x0000000080d00000, 0x0000000080d00000, 0x0000000080e00000|  0%| F|  |TAMS 0x0000000080d00000, 0x0000000080d00000| Untracked 
|  14|0x0000000080e00000, 0x0000000080e00000, 0x0000000080f00000|  0%| F|  |TAMS 0x0000000080e00000, 0x0000000080e00000| Untracked 
|  15|0x0000000080f00000, 0x0000000080f00000, 0x0000000081000000|  0%| F|  |TAMS 0x0000000080f00000, 0x0000000080f00000| Untracked 
|  16|0x0000000081000000, 0x0000000081000000, 0x0000000081100000|  0%| F|  |TAMS 0x0000000081000000, 0x0000000081000000| Untracked 
|  17|0x0000000081100000, 0x0000000081100000, 0x0000000081200000|  0%| F|  |TAMS 0x0000000081100000, 0x0000000081100000| Untracked 
|  18|0x0000000081200000, 0x0000000081200000, 0x0000000081300000|  0%| F|  |TAMS 0x0000000081200000, 0x0000000081200000| Untracked 
|  19|0x0000000081300000, 0x0000000081300000, 0x0000000081400000|  0%| F|  |TAMS 0x0000000081300000, 0x0000000081300000| Untracked 
|  20|0x0000000081400000, 0x0000000081400000, 0x0000000081500000|  0%| F|  |TAMS 0x0000000081400000, 0x0000000081400000| Untracked 
|  21|0x0000000081500000, 0x0000000081500000, 0x0000000081600000|  0%| F|  |TAMS 0x0000000081500000, 0x0000000081500000| Untracked 
|  22|0x0000000081600000, 0x0000000081600000, 0x0000000081700000|  0%| F|  |TAMS 0x0000000081600000, 0x0000000081600000| Untracked 
|  23|0x0000000081700000, 0x0000000081700000, 0x0000000081800000|  0%| F|  |TAMS 0x0000000081700000, 0x0000000081700000| Untracked 
|  24|0x0000000081800000, 0x0000000081800000, 0x0000000081900000|  0%| F|  |TAMS 0x0000000081800000, 0x0000000081800000| Untracked 
|  25|0x0000000081900000, 0x0000000081900000, 0x0000000081a00000|  0%| F|  |TAMS 0x0000000081900000, 0x0000000081900000| Untracked 
|  26|0x0000000081a00000, 0x0000000081a00000, 0x0000000081b00000|  0%| F|  |TAMS 0x0000000081a00000, 0x0000000081a00000| Untracked 
|  27|0x0000000081b00000, 0x0000000081b00000, 0x0000000081c00000|  0%| F|  |TAMS 0x0000000081b00000, 0x0000000081b00000| Untracked 
|  28|0x0000000081c00000, 0x0000000081c00000, 0x0000000081d00000|  0%| F|  |TAMS 0x0000000081c00000, 0x0000000081c00000| Untracked 
|  29|0x0000000081d00000, 0x0000000081d00000, 0x0000000081e00000|  0%| F|  |TAMS 0x0000000081d00000, 0x0000000081d00000| Untracked 
|  30|0x0000000081e00000, 0x0000000081e00000, 0x0000000081f00000|  0%| F|  |TAMS 0x0000000081e00000, 0x0000000081e00000| Untracked 
|  31|0x0000000081f00000, 0x0000000081f00000, 0x0000000082000000|  0%| F|  |TAMS 0x0000000081f00000, 0x0000000081f00000| Untracked 
|  32|0x0000000082000000, 0x0000000082000000, 0x0000000082100000|  0%| F|  |TAMS 0x0000000082000000, 0x0000000082000000| Untracked 
|  33|0x0000000082100000, 0x0000000082100000, 0x0000000082200000|  0%| F|  |TAMS 0x0000000082100000, 0x0000000082100000| Untracked 
|  34|0x0000000082200000, 0x0000000082200000, 0x0000000082300000|  0%| F|  |TAMS 0x0000000082200000, 0x0000000082200000| Untracked 
|  35|0x0000000082300000, 0x0000000082300000, 0x0000000082400000|  0%| F|  |TAMS 0x0000000082300000, 0x0000000082300000| Untracked 
|  36|0x0000000082400000, 0x0000000082400000, 0x0000000082500000|  0%| F|  |TAMS 0x0000000082400000, 0x0000000082400000| Untracked 
|  37|0x0000000082500000, 0x0000000082500000, 0x0000000082600000|  0%| F|  |TAMS 0x0000000082500000, 0x0000000082500000| Untracked 
|  38|0x0000000082600000, 0x0000000082600000, 0x0000000082700000|  0%| F|  |TAMS 0x0000000082600000, 0x0000000082600000| Untracked 
|  39|0x0000000082700000, 0x0000000082700000, 0x0000000082800000|  0%| F|  |TAMS 0x0000000082700000, 0x0000000082700000| Untracked 
|  40|0x0000000082800000, 0x0000000082800000, 0x0000000082900000|  0%| F|  |TAMS 0x0000000082800000, 0x0000000082800000| Untracked 
|  41|0x0000000082900000, 0x0000000082900000, 0x0000000082a00000|  0%| F|  |TAMS 0x0000000082900000, 0x0000000082900000| Untracked 
|  42|0x0000000082a00000, 0x0000000082a00000, 0x0000000082b00000|  0%| F|  |TAMS 0x0000000082a00000, 0x0000000082a00000| Untracked 
|  43|0x0000000082b00000, 0x0000000082b00000, 0x0000000082c00000|  0%| F|  |TAMS 0x0000000082b00000, 0x0000000082b00000| Untracked 
|  44|0x0000000082c00000, 0x0000000082c00000, 0x0000000082d00000|  0%| F|  |TAMS 0x0000000082c00000, 0x0000000082c00000| Untracked 
|  45|0x0000000082d00000, 0x0000000082d00000, 0x0000000082e00000|  0%| F|  |TAMS 0x0000000082d00000, 0x0000000082d00000| Untracked 
|  46|0x0000000082e00000, 0x0000000082e00000, 0x0000000082f00000|  0%| F|  |TAMS 0x0000000082e00000, 0x0000000082e00000| Untracked 
|  47|0x0000000082f00000, 0x0000000082f00000, 0x0000000083000000|  0%| F|  |TAMS 0x0000000082f00000, 0x0000000082f00000| Untracked 
|  48|0x0000000083000000, 0x0000000083000000, 0x0000000083100000|  0%| F|  |TAMS 0x0000000083000000, 0x0000000083000000| Untracked 
|  49|0x0000000083100000, 0x0000000083100000, 0x0000000083200000|  0%| F|  |TAMS 0x0000000083100000, 0x0000000083100000| Untracked 
|  50|0x0000000083200000, 0x0000000083200000, 0x0000000083300000|  0%| F|  |TAMS 0x0000000083200000, 0x0000000083200000| Untracked 
|  51|0x0000000083300000, 0x0000000083300000, 0x0000000083400000|  0%| F|  |TAMS 0x0000000083300000, 0x0000000083300000| Untracked 
|  52|0x0000000083400000, 0x0000000083400000, 0x0000000083500000|  0%| F|  |TAMS 0x0000000083400000, 0x0000000083400000| Untracked 
|  53|0x0000000083500000, 0x0000000083500000, 0x0000000083600000|  0%| F|  |TAMS 0x0000000083500000, 0x0000000083500000| Untracked 
|  54|0x0000000083600000, 0x0000000083600000, 0x0000000083700000|  0%| F|  |TAMS 0x0000000083600000, 0x0000000083600000| Untracked 
|  55|0x0000000083700000, 0x0000000083700000, 0x0000000083800000|  0%| F|  |TAMS 0x0000000083700000, 0x0000000083700000| Untracked 
|  56|0x0000000083800000, 0x0000000083800000, 0x0000000083900000|  0%| F|  |TAMS 0x0000000083800000, 0x0000000083800000| Untracked 
|  57|0x0000000083900000, 0x0000000083900000, 0x0000000083a00000|  0%| F|  |TAMS 0x0000000083900000, 0x0000000083900000| Untracked 
|  58|0x0000000083a00000, 0x0000000083a00000, 0x0000000083b00000|  0%| F|  |TAMS 0x0000000083a00000, 0x0000000083a00000| Untracked 
|  59|0x0000000083b00000, 0x0000000083b00000, 0x0000000083c00000|  0%| F|  |TAMS 0x0000000083b00000, 0x0000000083b00000| Untracked 
|  60|0x0000000083c00000, 0x0000000083c00000, 0x0000000083d00000|  0%| F|  |TAMS 0x0000000083c00000, 0x0000000083c00000| Untracked 
|  61|0x0000000083d00000, 0x0000000083d00000, 0x0000000083e00000|  0%| F|  |TAMS 0x0000000083d00000, 0x0000000083d00000| Untracked 
|  62|0x0000000083e00000, 0x0000000083e00000, 0x0000000083f00000|  0%| F|  |TAMS 0x0000000083e00000, 0x0000000083e00000| Untracked 
|  63|0x0000000083f00000, 0x0000000083f00000, 0x0000000084000000|  0%| F|  |TAMS 0x0000000083f00000, 0x0000000083f00000| Untracked 
|  64|0x0000000084000000, 0x0000000084000000, 0x0000000084100000|  0%| F|  |TAMS 0x0000000084000000, 0x0000000084000000| Untracked 
|  65|0x0000000084100000, 0x0000000084100000, 0x0000000084200000|  0%| F|  |TAMS 0x0000000084100000, 0x0000000084100000| Untracked 
|  66|0x0000000084200000, 0x0000000084200000, 0x0000000084300000|  0%| F|  |TAMS 0x0000000084200000, 0x0000000084200000| Untracked 
|  67|0x0000000084300000, 0x0000000084300000, 0x0000000084400000|  0%| F|  |TAMS 0x0000000084300000, 0x0000000084300000| Untracked 
|  68|0x0000000084400000, 0x0000000084400000, 0x0000000084500000|  0%| F|  |TAMS 0x0000000084400000, 0x0000000084400000| Untracked 
|  69|0x0000000084500000, 0x0000000084500000, 0x0000000084600000|  0%| F|  |TAMS 0x0000000084500000, 0x0000000084500000| Untracked 
|  70|0x0000000084600000, 0x0000000084600000, 0x0000000084700000|  0%| F|  |TAMS 0x0000000084600000, 0x0000000084600000| Untracked 
|  71|0x0000000084700000, 0x0000000084700000, 0x0000000084800000|  0%| F|  |TAMS 0x0000000084700000, 0x0000000084700000| Untracked 
|  72|0x0000000084800000, 0x0000000084800000, 0x0000000084900000|  0%| F|  |TAMS 0x0000000084800000, 0x0000000084800000| Untracked 
|  73|0x0000000084900000, 0x0000000084900000, 0x0000000084a00000|  0%| F|  |TAMS 0x0000000084900000, 0x0000000084900000| Untracked 
|  74|0x0000000084a00000, 0x0000000084a00000, 0x0000000084b00000|  0%| F|  |TAMS 0x0000000084a00000, 0x0000000084a00000| Untracked 
|  75|0x0000000084b00000, 0x0000000084b00000, 0x0000000084c00000|  0%| F|  |TAMS 0x0000000084b00000, 0x0000000084b00000| Untracked 
|  76|0x0000000084c00000, 0x0000000084c00000, 0x0000000084d00000|  0%| F|  |TAMS 0x0000000084c00000, 0x0000000084c00000| Untracked 
|  77|0x0000000084d00000, 0x0000000084d00000, 0x0000000084e00000|  0%| F|  |TAMS 0x0000000084d00000, 0x0000000084d00000| Untracked 
|  78|0x0000000084e00000, 0x0000000084e00000, 0x0000000084f00000|  0%| F|  |TAMS 0x0000000084e00000, 0x0000000084e00000| Untracked 
|  79|0x0000000084f00000, 0x0000000084f00000, 0x0000000085000000|  0%| F|  |TAMS 0x0000000084f00000, 0x0000000084f00000| Untracked 
|  80|0x0000000085000000, 0x0000000085000000, 0x0000000085100000|  0%| F|  |TAMS 0x0000000085000000, 0x0000000085000000| Untracked 
|  81|0x0000000085100000, 0x0000000085100000, 0x0000000085200000|  0%| F|  |TAMS 0x0000000085100000, 0x0000000085100000| Untracked 
|  82|0x0000000085200000, 0x0000000085200000, 0x0000000085300000|  0%| F|  |TAMS 0x0000000085200000, 0x0000000085200000| Untracked 
|  83|0x0000000085300000, 0x0000000085300000, 0x0000000085400000|  0%| F|  |TAMS 0x0000000085300000, 0x0000000085300000| Untracked 
|  84|0x0000000085400000, 0x0000000085400000, 0x0000000085500000|  0%| F|  |TAMS 0x0000000085400000, 0x0000000085400000| Untracked 
|  85|0x0000000085500000, 0x0000000085500000, 0x0000000085600000|  0%| F|  |TAMS 0x0000000085500000, 0x0000000085500000| Untracked 
|  86|0x0000000085600000, 0x0000000085600000, 0x0000000085700000|  0%| F|  |TAMS 0x0000000085600000, 0x0000000085600000| Untracked 
|  87|0x0000000085700000, 0x0000000085700000, 0x0000000085800000|  0%| F|  |TAMS 0x0000000085700000, 0x0000000085700000| Untracked 
|  88|0x0000000085800000, 0x0000000085800000, 0x0000000085900000|  0%| F|  |TAMS 0x0000000085800000, 0x0000000085800000| Untracked 
|  89|0x0000000085900000, 0x0000000085900000, 0x0000000085a00000|  0%| F|  |TAMS 0x0000000085900000, 0x0000000085900000| Untracked 
|  90|0x0000000085a00000, 0x0000000085a00000, 0x0000000085b00000|  0%| F|  |TAMS 0x0000000085a00000, 0x0000000085a00000| Untracked 
|  91|0x0000000085b00000, 0x0000000085b00000, 0x0000000085c00000|  0%| F|  |TAMS 0x0000000085b00000, 0x0000000085b00000| Untracked 
|  92|0x0000000085c00000, 0x0000000085c00000, 0x0000000085d00000|  0%| F|  |TAMS 0x0000000085c00000, 0x0000000085c00000| Untracked 
|  93|0x0000000085d00000, 0x0000000085d00000, 0x0000000085e00000|  0%| F|  |TAMS 0x0000000085d00000, 0x0000000085d00000| Untracked 
|  94|0x0000000085e00000, 0x0000000085e00000, 0x0000000085f00000|  0%| F|  |TAMS 0x0000000085e00000, 0x0000000085e00000| Untracked 
|  95|0x0000000085f00000, 0x0000000085f00000, 0x0000000086000000|  0%| F|  |TAMS 0x0000000085f00000, 0x0000000085f00000| Untracked 
|  96|0x0000000086000000, 0x0000000086000000, 0x0000000086100000|  0%| F|  |TAMS 0x0000000086000000, 0x0000000086000000| Untracked 
|  97|0x0000000086100000, 0x0000000086100000, 0x0000000086200000|  0%| F|  |TAMS 0x0000000086100000, 0x0000000086100000| Untracked 
|  98|0x0000000086200000, 0x0000000086200000, 0x0000000086300000|  0%| F|  |TAMS 0x0000000086200000, 0x0000000086200000| Untracked 
|  99|0x0000000086300000, 0x0000000086300000, 0x0000000086400000|  0%| F|  |TAMS 0x0000000086300000, 0x0000000086300000| Untracked 
| 100|0x0000000086400000, 0x0000000086400000, 0x0000000086500000|  0%| F|  |TAMS 0x0000000086400000, 0x0000000086400000| Untracked 
| 101|0x0000000086500000, 0x0000000086500000, 0x0000000086600000|  0%| F|  |TAMS 0x0000000086500000, 0x0000000086500000| Untracked 
| 102|0x0000000086600000, 0x0000000086600000, 0x0000000086700000|  0%| F|  |TAMS 0x0000000086600000, 0x0000000086600000| Untracked 
| 103|0x0000000086700000, 0x0000000086700000, 0x0000000086800000|  0%| F|  |TAMS 0x0000000086700000, 0x0000000086700000| Untracked 
| 104|0x0000000086800000, 0x0000000086800000, 0x0000000086900000|  0%| F|  |TAMS 0x0000000086800000, 0x0000000086800000| Untracked 
| 105|0x0000000086900000, 0x0000000086900000, 0x0000000086a00000|  0%| F|  |TAMS 0x0000000086900000, 0x0000000086900000| Untracked 
| 106|0x0000000086a00000, 0x0000000086a00000, 0x0000000086b00000|  0%| F|  |TAMS 0x0000000086a00000, 0x0000000086a00000| Untracked 
| 107|0x0000000086b00000, 0x0000000086b00000, 0x0000000086c00000|  0%| F|  |TAMS 0x0000000086b00000, 0x0000000086b00000| Untracked 
| 108|0x0000000086c00000, 0x0000000086c00000, 0x0000000086d00000|  0%| F|  |TAMS 0x0000000086c00000, 0x0000000086c00000| Untracked 
| 109|0x0000000086d00000, 0x0000000086d00000, 0x0000000086e00000|  0%| F|  |TAMS 0x0000000086d00000, 0x0000000086d00000| Untracked 
| 110|0x0000000086e00000, 0x0000000086e00000, 0x0000000086f00000|  0%| F|  |TAMS 0x0000000086e00000, 0x0000000086e00000| Untracked 
| 111|0x0000000086f00000, 0x0000000086f00000, 0x0000000087000000|  0%| F|  |TAMS 0x0000000086f00000, 0x0000000086f00000| Untracked 
| 112|0x0000000087000000, 0x0000000087000000, 0x0000000087100000|  0%| F|  |TAMS 0x0000000087000000, 0x0000000087000000| Untracked 
| 113|0x0000000087100000, 0x0000000087100000, 0x0000000087200000|  0%| F|  |TAMS 0x0000000087100000, 0x0000000087100000| Untracked 
| 114|0x0000000087200000, 0x0000000087200000, 0x0000000087300000|  0%| F|  |TAMS 0x0000000087200000, 0x0000000087200000| Untracked 
| 115|0x0000000087300000, 0x0000000087300000, 0x0000000087400000|  0%| F|  |TAMS 0x0000000087300000, 0x0000000087300000| Untracked 
| 116|0x0000000087400000, 0x0000000087400000, 0x0000000087500000|  0%| F|  |TAMS 0x0000000087400000, 0x0000000087400000| Untracked 
| 117|0x0000000087500000, 0x0000000087500000, 0x0000000087600000|  0%| F|  |TAMS 0x0000000087500000, 0x0000000087500000| Untracked 
| 118|0x0000000087600000, 0x0000000087600000, 0x0000000087700000|  0%| F|  |TAMS 0x0000000087600000, 0x0000000087600000| Untracked 
| 119|0x0000000087700000, 0x0000000087700000, 0x0000000087800000|  0%| F|  |TAMS 0x0000000087700000, 0x0000000087700000| Untracked 
| 120|0x0000000087800000, 0x0000000087800000, 0x0000000087900000|  0%| F|  |TAMS 0x0000000087800000, 0x0000000087800000| Untracked 
| 121|0x0000000087900000, 0x0000000087900000, 0x0000000087a00000|  0%| F|  |TAMS 0x0000000087900000, 0x0000000087900000| Untracked 
| 122|0x0000000087a00000, 0x0000000087a00000, 0x0000000087b00000|  0%| F|  |TAMS 0x0000000087a00000, 0x0000000087a00000| Untracked 
| 123|0x0000000087b00000, 0x0000000087b00000, 0x0000000087c00000|  0%| F|  |TAMS 0x0000000087b00000, 0x0000000087b00000| Untracked 
| 124|0x0000000087c00000, 0x0000000087cec0d8, 0x0000000087d00000| 92%| E|  |TAMS 0x0000000087c00000, 0x0000000087c00000| Complete 
| 125|0x0000000087d00000, 0x0000000087e00000, 0x0000000087e00000|100%| E|CS|TAMS 0x0000000087d00000, 0x0000000087d00000| Complete 
| 126|0x0000000087e00000, 0x0000000087f00000, 0x0000000087f00000|100%| E|  |TAMS 0x0000000087e00000, 0x0000000087e00000| Complete 
| 127|0x0000000087f00000, 0x0000000088000000, 0x0000000088000000|100%| E|CS|TAMS 0x0000000087f00000, 0x0000000087f00000| Complete 

Card table byte_map: [0x000002007d330000,0x000002007d730000] _byte_map_base: 0x000002007cf30000

Marking Bits (Prev, Next): (CMBitMap*) 0x00000200794e5f10, (CMBitMap*) 0x00000200794e5f50
 Prev Bits: [0x000002007db30000, 0x000002007fb30000)
 Next Bits: [0x000002000f000000, 0x0000020011000000)

Polling page: 0x0000020077430000

Metaspace:

Usage:
  Non-class:      7.03 MB used.
      Class:    721.98 KB used.
       Both:      7.74 MB used.

Virtual space:
  Non-class space:       64.00 MB reserved,       7.12 MB ( 11%) committed,  1 nodes.
      Class space:        1.00 GB reserved,     768.00 KB ( <1%) committed,  1 nodes.
             Both:        1.06 GB reserved,       7.88 MB ( <1%) committed. 

Chunk freelists:
   Non-Class:  8.86 MB
       Class:  15.21 MB
        Both:  24.08 MB

MaxMetaspaceSize: unlimited
CompressedClassSpaceSize: 1.00 GB
Initial GC threshold: 21.00 MB
Current GC threshold: 21.00 MB
CDS: off
MetaspaceReclaimPolicy: balanced
 - commit_granule_bytes: 65536.
 - commit_granule_words: 8192.
 - virtual_space_node_default_size: 8388608.
 - enlarge_chunks_in_place: 1.
 - new_chunks_are_fully_committed: 0.
 - uncommit_free_chunks: 1.
 - use_allocation_guard: 0.
 - handle_deallocations: 1.


Internal statistics:

num_allocs_failed_limit: 0.
num_arena_births: 42.
num_arena_deaths: 0.
num_vsnodes_births: 2.
num_vsnodes_deaths: 0.
num_space_committed: 126.
num_space_uncommitted: 0.
num_chunks_returned_to_freelist: 0.
num_chunks_taken_from_freelist: 83.
num_chunk_merges: 0.
num_chunk_splits: 47.
num_chunks_enlarged: 19.
num_inconsistent_stats: 0.

CodeHeap 'non-profiled nmethods': size=120000Kb used=84Kb max_used=84Kb free=119916Kb
 bounds [0x0000020007ad0000, 0x0000020007d40000, 0x000002000f000000]
CodeHeap 'profiled nmethods': size=120000Kb used=437Kb max_used=437Kb free=119562Kb
 bounds [0x0000020000000000, 0x0000020000270000, 0x0000020007530000]
CodeHeap 'non-nmethods': size=5760Kb used=1117Kb max_used=1132Kb free=4642Kb
 bounds [0x0000020007530000, 0x00000200077a0000, 0x0000020007ad0000]
 total_blobs=687 nmethods=289 adapters=311
 compilation: enabled
              stopped_count=0, restarted_count=0
 full_count=0

Compilation events (20 events):
Event: 0.653 Thread 0x00000200137bd3e0 nmethod 266 0x000002000005bf90 code [0x000002000005c160, 0x000002000005c3b8]
Event: 0.655 Thread 0x00000200137bd3e0  268   !   3       java.lang.invoke.MemberName::getMethodType (211 bytes)
Event: 0.656 Thread 0x00000200137bd3e0 nmethod 268 0x000002000005c510 code [0x000002000005c800, 0x000002000005dd38]
Event: 0.656 Thread 0x00000200137bd3e0  272       3       java.lang.invoke.LambdaForm::argument (27 bytes)
Event: 0.656 Thread 0x00000200137bd3e0 nmethod 272 0x000002000005e310 code [0x000002000005e4c0, 0x000002000005e728]
Event: 0.656 Thread 0x00000200137bd3e0  275       1       java.lang.invoke.MethodTypeForm::erasedType (5 bytes)
Event: 0.657 Thread 0x00000200137bd3e0 nmethod 275 0x0000020007ae3b10 code [0x0000020007ae3ca0, 0x0000020007ae3d78]
Event: 0.657 Thread 0x00000200137bd3e0  276       3       sun.invoke.util.VerifyAccess::isTypeVisible (118 bytes)
Event: 0.659 Thread 0x00000200137bd3e0 nmethod 276 0x000002000005e890 code [0x000002000005eca0, 0x0000020000060cb8]
Event: 0.659 Thread 0x00000200137bd3e0  277       3       java.lang.Class::getName (18 bytes)
Event: 0.659 Thread 0x00000200137bd3e0 nmethod 277 0x0000020000061690 code [0x0000020000061840, 0x00000200000619c8]
Event: 0.659 Thread 0x00000200137bd3e0  278       3       java.lang.StringBuilder::<init> (7 bytes)
Event: 0.660 Thread 0x00000200137bd3e0 nmethod 278 0x0000020000061a90 code [0x0000020000061c20, 0x0000020000061d68]
Event: 0.660 Thread 0x00000200137bd3e0  279       3       java.lang.ref.Reference::<init> (25 bytes)
Event: 0.660 Thread 0x00000200137bd3e0 nmethod 279 0x0000020000061e10 code [0x0000020000061fc0, 0x0000020000062238]
Event: 0.660 Thread 0x00000200137bd3e0  282       3       java.lang.invoke.LambdaForm$Name::initIndex (26 bytes)
Event: 0.660 Thread 0x00000200137bd3e0 nmethod 282 0x0000020000062310 code [0x00000200000624a0, 0x0000020000062658]
Event: 0.660 Thread 0x00000200137bd3e0  283       3       jdk.internal.org.objectweb.asm.Frame::execute (2305 bytes)
Event: 0.663 Thread 0x00000200137bc930  286       4       jdk.internal.org.objectweb.asm.SymbolTable::get (13 bytes)
Event: 0.664 Thread 0x00000200137bc930 nmethod 286 0x0000020007ae4410 code [0x0000020007ae4580, 0x0000020007ae4658]

GC Heap History (0 events):
No events

Dll operation events (1 events):
Event: 0.019 Loaded shared library C:\Users\user\AppData\Local\Programs\IntelliJ IDEA Ultimate 2024.1.2\jbr\bin\java.dll

Deoptimization events (12 events):
Event: 0.526 Thread 0x000002007948a740 Uncommon trap: trap_request=0xffffff45 fr.pc=0x0000020007ad7830 relative=0x00000000000005f0
Event: 0.526 Thread 0x000002007948a740 Uncommon trap: reason=unstable_if action=reinterpret pc=0x0000020007ad7830 method=java.util.zip.ZipFile$Source.checkAndAddEntry(II)I @ 50 c2
Event: 0.526 Thread 0x000002007948a740 DEOPT PACKING pc=0x0000020007ad7830 sp=0x0000002b330fd7e0
Event: 0.526 Thread 0x000002007948a740 DEOPT UNPACKING pc=0x00000200075869a3 sp=0x0000002b330fd750 mode 2
Event: 0.526 Thread 0x000002007948a740 Uncommon trap: trap_request=0xffffff45 fr.pc=0x0000020007ad6eb4 relative=0x0000000000000294
Event: 0.526 Thread 0x000002007948a740 Uncommon trap: reason=unstable_if action=reinterpret pc=0x0000020007ad6eb4 method=java.util.zip.ZipCoder$UTF8ZipCoder.checkedHash([BII)I @ 75 c2
Event: 0.526 Thread 0x000002007948a740 DEOPT PACKING pc=0x0000020007ad6eb4 sp=0x0000002b330fd720
Event: 0.526 Thread 0x000002007948a740 DEOPT UNPACKING pc=0x00000200075869a3 sp=0x0000002b330fd6b0 mode 2
Event: 0.526 Thread 0x000002007948a740 Uncommon trap: trap_request=0xffffff45 fr.pc=0x0000020007ad8608 relative=0x0000000000000168
Event: 0.526 Thread 0x000002007948a740 Uncommon trap: reason=unstable_if action=reinterpret pc=0x0000020007ad8608 method=java.util.zip.ZipFile$Source.isMetaName([BII)Z @ 15 c2
Event: 0.526 Thread 0x000002007948a740 DEOPT PACKING pc=0x0000020007ad8608 sp=0x0000002b330fd7f0
Event: 0.526 Thread 0x000002007948a740 DEOPT UNPACKING pc=0x00000200075869a3 sp=0x0000002b330fd798 mode 2

Classes unloaded (0 events):
No events

Classes redefined (0 events):
No events

Internal exceptions (3 events):
Event: 0.654 Thread 0x000002007948a740 Exception <a 'java/lang/NoSuchMethodError'{0x0000000087c7ec38}: 'java.lang.Object java.lang.invoke.DirectMethodHandle$Holder.invokeStatic(java.lang.Object, java.lang.Object, int)'> (0x0000000087c7ec38) 
thrown [s\src\hotspot\share\interpreter\linkResolver.cpp, line 771]
Event: 0.657 Thread 0x000002007948a740 Exception <a 'java/lang/NoSuchMethodError'{0x0000000087c8a9f8}: 'void java.lang.invoke.DelegatingMethodHandle$Holder.delegate(java.lang.Object, java.lang.Object, int, java.lang.Object)'> (0x0000000087c8a9f8) 
thrown [s\src\hotspot\share\interpreter\linkResolver.cpp, line 771]
Event: 0.658 Thread 0x000002007948a740 Exception <a 'java/lang/NoSuchMethodError'{0x0000000087c8ec38}: 'int java.lang.invoke.DirectMethodHandle$Holder.invokeSpecial(java.lang.Object, java.lang.Object, java.lang.Object)'> (0x0000000087c8ec38) 
thrown [s\src\hotspot\share\interpreter\linkResolver.cpp, line 771]

VM Operations (2 events):
Event: 0.452 Executing VM operation: HandshakeAllThreads
Event: 0.452 Executing VM operation: HandshakeAllThreads done

Events (20 events):
Event: 0.652 loading class java/lang/invoke/MethodHandleImpl$LoopClauses
Event: 0.652 loading class java/lang/invoke/MethodHandleImpl$LoopClauses done
Event: 0.652 loading class java/lang/invoke/MethodHandleImpl$ArrayAccess
Event: 0.652 loading class java/lang/invoke/MethodHandleImpl$ArrayAccess done
Event: 0.652 loading class java/lang/invoke/MethodHandleImpl$2
Event: 0.653 loading class java/lang/invoke/MethodHandleImpl$2 done
Event: 0.653 loading class java/lang/invoke/MethodHandleImpl$ArrayAccessor
Event: 0.653 loading class java/lang/invoke/MethodHandleImpl$ArrayAccessor done
Event: 0.653 loading class java/lang/invoke/MethodHandleImpl$ArrayAccessor$1
Event: 0.653 loading class java/lang/invoke/MethodHandleImpl$ArrayAccessor$1 done
Event: 0.653 loading class java/lang/ClassValue$ClassValueMap
Event: 0.654 loading class java/lang/ClassValue$ClassValueMap done
Event: 0.654 loading class java/lang/NoSuchMethodError
Event: 0.654 loading class java/lang/IncompatibleClassChangeError
Event: 0.654 loading class java/lang/IncompatibleClassChangeError done
Event: 0.654 loading class java/lang/NoSuchMethodError done
Event: 0.661 loading class java/util/Collections$CopiesList
Event: 0.662 loading class java/util/Collections$CopiesList done
Event: 0.666 loading class java/lang/invoke/BoundMethodHandle$Species_LLLL
Event: 0.666 loading class java/lang/invoke/BoundMethodHandle$Species_LLLL done


Dynamic libraries:
0x00007ff711860000 - 0x00007ff71186a000 	C:\Users\user\AppData\Local\Programs\IntelliJ IDEA Ultimate 2024.1.2\jbr\bin\java.exe
0x00007ffbf13d0000 - 0x00007ffbf15e7000 	C:\WINDOWS\SYSTEM32\ntdll.dll
0x00007ffbefda0000 - 0x00007ffbefe64000 	C:\WINDOWS\System32\KERNEL32.DLL
0x00007ffbee700000 - 0x00007ffbeeaac000 	C:\WINDOWS\System32\KERNELBASE.dll
0x00007ffbeeab0000 - 0x00007ffbeebc1000 	C:\WINDOWS\System32\ucrtbase.dll
0x00007ffbb40d0000 - 0x00007ffbb40e7000 	C:\Users\user\AppData\Local\Programs\IntelliJ IDEA Ultimate 2024.1.2\jbr\bin\jli.dll
0x00007ffbe8360000 - 0x00007ffbe837b000 	C:\Users\user\AppData\Local\Programs\IntelliJ IDEA Ultimate 2024.1.2\jbr\bin\VCRUNTIME140.dll
0x00007ffbef110000 - 0x00007ffbef2be000 	C:\WINDOWS\System32\USER32.dll
0x00007ffbef0e0000 - 0x00007ffbef106000 	C:\WINDOWS\System32\win32u.dll
0x00007ffbef900000 - 0x00007ffbef929000 	C:\WINDOWS\System32\GDI32.dll
0x00007ffbd5e90000 - 0x00007ffbd6123000 	C:\WINDOWS\WinSxS\amd64_microsoft.windows.common-controls_6595b64144ccf1df_6.0.22621.3672_none_2713b9d173822955\COMCTL32.dll
0x00007ffbeefc0000 - 0x00007ffbef0d9000 	C:\WINDOWS\System32\gdi32full.dll
0x00007ffbef2c0000 - 0x00007ffbef367000 	C:\WINDOWS\System32\msvcrt.dll
0x00007ffbeef20000 - 0x00007ffbeefba000 	C:\WINDOWS\System32\msvcp_win.dll
0x00007ffbef8c0000 - 0x00007ffbef8f1000 	C:\WINDOWS\System32\IMM32.DLL
0x00007ffbd9560000 - 0x00007ffbd956c000 	C:\Users\user\AppData\Local\Programs\IntelliJ IDEA Ultimate 2024.1.2\jbr\bin\vcruntime140_1.dll
0x00007ffbd2640000 - 0x00007ffbd26cd000 	C:\Users\user\AppData\Local\Programs\IntelliJ IDEA Ultimate 2024.1.2\jbr\bin\msvcp140.dll
0x00007ffb73f40000 - 0x00007ffb74bc3000 	C:\Users\user\AppData\Local\Programs\IntelliJ IDEA Ultimate 2024.1.2\jbr\bin\server\jvm.dll
0x00007ffbef9f0000 - 0x00007ffbefaa2000 	C:\WINDOWS\System32\ADVAPI32.dll
0x00007ffbef930000 - 0x00007ffbef9d8000 	C:\WINDOWS\System32\sechost.dll
0x00007ffbeeef0000 - 0x00007ffbeef18000 	C:\WINDOWS\System32\bcrypt.dll
0x00007ffbf0f10000 - 0x00007ffbf1025000 	C:\WINDOWS\System32\RPCRT4.dll
0x00007ffbee5c0000 - 0x00007ffbee60d000 	C:\WINDOWS\SYSTEM32\POWRPROF.dll
0x00007ffbe7ff0000 - 0x00007ffbe8024000 	C:\WINDOWS\SYSTEM32\WINMM.dll
0x00007ffbe9a40000 - 0x00007ffbe9a49000 	C:\WINDOWS\SYSTEM32\WSOCK32.dll
0x00007ffbe6e20000 - 0x00007ffbe6e2a000 	C:\WINDOWS\SYSTEM32\VERSION.dll
0x00007ffbeffd0000 - 0x00007ffbf0041000 	C:\WINDOWS\System32\WS2_32.dll
0x00007ffbee4f0000 - 0x00007ffbee503000 	C:\WINDOWS\SYSTEM32\UMPDC.dll
0x00007ffbed6f0000 - 0x00007ffbed708000 	C:\WINDOWS\SYSTEM32\kernel.appcore.dll
0x00007ffbddbc0000 - 0x00007ffbddbca000 	C:\Users\user\AppData\Local\Programs\IntelliJ IDEA Ultimate 2024.1.2\jbr\bin\jimage.dll
0x00007ffbd2d50000 - 0x00007ffbd2f82000 	C:\WINDOWS\SYSTEM32\DBGHELP.DLL
0x00007ffbef530000 - 0x00007ffbef8b8000 	C:\WINDOWS\System32\combase.dll
0x00007ffbf12b0000 - 0x00007ffbf1387000 	C:\WINDOWS\System32\OLEAUT32.dll
0x00007ffbce5b0000 - 0x00007ffbce5e2000 	C:\WINDOWS\SYSTEM32\dbgcore.DLL
0x00007ffbeee70000 - 0x00007ffbeeeeb000 	C:\WINDOWS\System32\bcryptPrimitives.dll
0x00007ffbc9b90000 - 0x00007ffbc9bb5000 	C:\Users\user\AppData\Local\Programs\IntelliJ IDEA Ultimate 2024.1.2\jbr\bin\java.dll
0x00007ffbd5240000 - 0x00007ffbd5258000 	C:\Users\user\AppData\Local\Programs\IntelliJ IDEA Ultimate 2024.1.2\jbr\bin\zip.dll
0x00007ffbf05b0000 - 0x00007ffbf0e0c000 	C:\WINDOWS\System32\SHELL32.dll
0x00007ffbec600000 - 0x00007ffbecef7000 	C:\WINDOWS\SYSTEM32\windows.storage.dll
0x00007ffbec4c0000 - 0x00007ffbec5ff000 	C:\WINDOWS\SYSTEM32\wintypes.dll
0x00007ffbf0e10000 - 0x00007ffbf0f04000 	C:\WINDOWS\System32\SHCORE.dll
0x00007ffbf0060000 - 0x00007ffbf00be000 	C:\WINDOWS\System32\shlwapi.dll
0x00007ffbee630000 - 0x00007ffbee651000 	C:\WINDOWS\SYSTEM32\profapi.dll
0x00007ffbd2610000 - 0x00007ffbd2629000 	C:\Users\user\AppData\Local\Programs\IntelliJ IDEA Ultimate 2024.1.2\jbr\bin\net.dll
0x00007ffbe87f0000 - 0x00007ffbe8926000 	C:\WINDOWS\SYSTEM32\WINHTTP.dll
0x00007ffbedb50000 - 0x00007ffbedbb9000 	C:\WINDOWS\system32\mswsock.dll
0x00007ffbd09e0000 - 0x00007ffbd09f6000 	C:\Users\user\AppData\Local\Programs\IntelliJ IDEA Ultimate 2024.1.2\jbr\bin\nio.dll

dbghelp: loaded successfully - version: 4.0.5 - missing functions: none
symbol engine: initialized successfully - sym options: 0x614 - pdb path: .;C:\Users\user\AppData\Local\Programs\IntelliJ IDEA Ultimate 2024.1.2\jbr\bin;C:\WINDOWS\SYSTEM32;C:\WINDOWS\WinSxS\amd64_microsoft.windows.common-controls_6595b64144ccf1df_6.0.22621.3672_none_2713b9d173822955;C:\Users\user\AppData\Local\Programs\IntelliJ IDEA Ultimate 2024.1.2\jbr\bin\server

VM Arguments:
jvm_args: -Djava.rmi.server.hostname=127.0.0.1 -Duser.timezone=UTC -Xmx2048m -Xms128m -Djdbc.classpath=C:\Users\user\AppData\Local\Programs\IntelliJ IDEA Ultimate 2024.1.2\plugins\DatabaseTools\lib\jdbc-console.jar;C:\Users\user\AppData\Roaming\JetBrains\IntelliJIdea2024.1\jdbc-drivers\PostgreSQL\42.6.0\org\postgresql\postgresql\42.6.0\postgresql-42.6.0.jar;C:\Users\user\AppData\Roaming\JetBrains\IntelliJIdea2024.1\jdbc-drivers\PostgreSQL\42.6.0\org\checkerframework\checker-qual\3.31.0\checker-qual-3.31.0.jar;C:\Users\user\AppData\Roaming\JetBrains\IntelliJIdea2024.1\jdbc-drivers\PostgreSQL\42.6.0\com\github\waffle\waffle-jna\1.9.1\waffle-jna-1.9.1.jar;C:\Users\user\AppData\Roaming\JetBrains\IntelliJIdea2024.1\jdbc-drivers\PostgreSQL\42.6.0\net\java\dev\jna\jna\4.5.1\jna-4.5.1.jar;C:\Users\user\AppData\Roaming\JetBrains\IntelliJIdea2024.1\jdbc-drivers\PostgreSQL\42.6.0\net\java\dev\jna\jna-platform\4.5.1\jna-platform-4.5.1.jar;C:\Users\user\AppData\Roaming\JetBrains\IntelliJIdea2024.1\jdbc-drivers\PostgreSQL\42.6.0\org\slf4j\jcl-over-slf4j\1.7.25\jcl-over-slf4j-1.7.25.jar;C:\Users\user\AppData\Roaming\JetBrains\IntelliJIdea2024.1\jdbc-drivers\PostgreSQL\42.6.0\org\slf4j\slf4j-api\1.7.25\slf4j-api-1.7.25.jar;C:\Users\user\AppData\Roaming\JetBrains\IntelliJIdea2024.1\jdbc-drivers\PostgreSQL\42.6.0\com\github\ben-manes\caffeine\caffeine\2.6.2\caffeine-2.6.2.jar --add-exports=java.desktop/sun.awt=ALL-UNNAMED --add-exports=java.desktop/java.awt.peer=ALL-UNNAMED --add-opens=java.desktop/java.awt=ALL-UNNAMED --add-opens=jdk.unsupported/sun.misc=ALL-UNNAMED --add-opens=java.base/java.nio=ALL-UNNAMED --add-opens=java.base/java.util=ALL-UNNAMED -Dfile.encoding=UTF-8 
java_command: com.intellij.database.remote.RemoteJdbcServer org.postgresql.Driver
java_class_path (initial): C:\Users\user\AppData\Local\Programs\IntelliJ IDEA Ultimate 2024.1.2\lib\util_rt.jar;C:\Users\user\AppData\Local\Programs\IntelliJ IDEA Ultimate 2024.1.2\lib\util-8.jar;C:\Users\user\AppData\Local\Programs\IntelliJ IDEA Ultimate 2024.1.2\lib\groovy.jar;C:\Users\user\AppData\Local\Programs\IntelliJ IDEA Ultimate 2024.1.2\plugins\DatabaseTools\lib\jdbc-console.jar;C:\Users\user\AppData\Local\Programs\IntelliJ IDEA Ultimate 2024.1.2\plugins\grid-core-impl\lib\jdbc-console-types.jar;C:\Users\user\AppData\Local\Programs\IntelliJ IDEA Ultimate 2024.1.2\lib\util.jar
Launcher Type: SUN_STANDARD

[Global flags]
     intx CICompilerCount                          = 4                                         {product} {ergonomic}
     uint ConcGCThreads                            = 2                                         {product} {ergonomic}
     uint G1ConcRefinementThreads                  = 8                                         {product} {ergonomic}
   size_t G1HeapRegionSize                         = 1048576                                   {product} {ergonomic}
    uintx GCDrainStackTargetSize                   = 64                                        {product} {ergonomic}
   size_t InitialHeapSize                          = 134217728                                 {product} {command line}
   size_t MarkStackSize                            = 4194304                                   {product} {ergonomic}
   size_t MaxHeapSize                              = 2147483648                                {product} {command line}
   size_t MaxNewSize                               = 1287651328                                {product} {ergonomic}
   size_t MinHeapDeltaBytes                        = 1048576                                   {product} {ergonomic}
   size_t MinHeapSize                              = 134217728                                 {product} {command line}
    uintx NonNMethodCodeHeapSize                   = 5839372                                {pd product} {ergonomic}
    uintx NonProfiledCodeHeapSize                  = 122909434                              {pd product} {ergonomic}
    uintx ProfiledCodeHeapSize                     = 122909434                              {pd product} {ergonomic}
    uintx ReservedCodeCacheSize                    = 251658240                              {pd product} {ergonomic}
     bool SegmentedCodeCache                       = true                                      {product} {ergonomic}
   size_t SoftMaxHeapSize                          = 2147483648                             {manageable} {ergonomic}
     bool UseCompressedClassPointers               = true                           {product lp64_product} {ergonomic}
     bool UseCompressedOops                        = true                           {product lp64_product} {ergonomic}
     bool UseG1GC                                  = true                                      {product} {ergonomic}
     bool UseLargePagesIndividualAllocation        = false                                  {pd product} {ergonomic}

Logging:
Log output configuration:
 #0: stdout all=warning uptime,level,tags
 #1: stderr all=off uptime,level,tags

Environment Variables:
PATH=C:\Program Files\Common Files\Oracle\Java\javapath;C:\WINDOWS\system32;C:\WINDOWS;C:\WINDOWS\System32\Wbem;C:\WINDOWS\System32\WindowsPowerShell\v1.0\;C:\WINDOWS\System32\OpenSSH\;C:\Program Files\dotnet\;C:\Program Files\Docker\Docker\resources\bin;C:\Program Files\nodejs\;C:\ProgramData\chocolatey\bin;C:\Program Files\Git\cmd;C:\Users\user\AppData\Local\Programs\Python\Python312\Scripts\;C:\Users\user\AppData\Local\Programs\Python\Python312\;C:\Program Files\MySQL\MySQL Shell 8.0\bin\;C:\Users\user\AppData\Local\Microsoft\WindowsApps;C:\Users\user\AppData\Local\Programs\Microsoft VS Code\bin;C:\Users\user\AppData\Local\GitHubDesktop\bin;;C:\Program Files\JetBrains\IntelliJ IDEA Community Edition 2024.1\bin;;C:\Users\user\.dotnet\tools;C:\Program Files\JetBrains\PyCharm Community Edition 2024.1\bin;;C:\Users\user\AppData\Local\Microsoft\WinGet\Packages\Schniz.fnm_Microsoft.Winget.Source_8wekyb3d8bbwe;C:\Users\user\AppData\Roaming\npm
USERNAME=user
OS=Windows_NT
PROCESSOR_IDENTIFIER=Intel64 Family 6 Model 142 Stepping 12, GenuineIntel
TMP=C:\Users\user\AppData\Local\Temp
TEMP=C:\Users\user\AppData\Local\Temp



Periodic native trim disabled

JNI global refs:
JNI global refs: 8, weak refs: 0

JNI global refs memory usage: 843, weak refs: 209

Process memory usage:
Resident Set Size: 44344K (0% of 8190240K total physical memory with 455016K free physical memory)

OOME stack traces (most recent first):
Classloader memory used:
Loader bootstrap                                                                       : 965K
Loader jdk.internal.loader.ClassLoaders$AppClassLoader                                 : 15961B
Loader jdk.internal.loader.ClassLoaders$PlatformClassLoader                            : 5302B
Loader com.intellij.database.remote.jdbc.impl.JdbcClassLoader$JdbcClassLoaderImpl      : 4462B


---------------  S Y S T E M  ---------------

OS:
 Windows 11 , 64 bit Build 22621 (10.0.22621.3672)
OS uptime: 2 days 5:06 hours
Hyper-V role detected

CPU: total 8 (initial active 8) (4 cores per cpu, 2 threads per core) family 6 model 142 stepping 12 microcode 0xf8, cx8, cmov, fxsr, ht, mmx, 3dnowpref, sse, sse2, sse3, ssse3, sse4.1, sse4.2, popcnt, lzcnt, tsc, tscinvbit, avx, avx2, aes, erms, clmul, bmi1, bmi2, adx, fma, vzeroupper, clflush, clflushopt, hv
Processor Information for processor 0
  Max Mhz: 1800, Current Mhz: 1600, Mhz Limit: 1584
Processor Information for processor 1
  Max Mhz: 1800, Current Mhz: 1500, Mhz Limit: 1584
Processor Information for processor 2
  Max Mhz: 1800, Current Mhz: 1500, Mhz Limit: 1584
Processor Information for processor 3
  Max Mhz: 1800, Current Mhz: 1500, Mhz Limit: 1584
Processor Information for processor 4
  Max Mhz: 1800, Current Mhz: 1500, Mhz Limit: 1584
Processor Information for processor 5
  Max Mhz: 1800, Current Mhz: 1600, Mhz Limit: 1584
Processor Information for processor 6
  Max Mhz: 1800, Current Mhz: 1600, Mhz Limit: 1584
Processor Information for processor 7
  Max Mhz: 1800, Current Mhz: 1500, Mhz Limit: 1584

Memory: 4k page, system-wide physical 7998M (444M free)
TotalPageFile size 20798M (AvailPageFile size 1M)
current process WorkingSet (physical memory assigned to process): 43M, peak: 43M
current process commit charge ("private bytes"): 209M, peak: 210M

vm_info: OpenJDK 64-Bit Server VM (17.0.11+1-b1207.24) for windows-amd64 JRE (17.0.11+1-b1207.24), built on 2024-05-15 by "builduser" with MS VC++ 16.10 / 16.11 (VS2019)

END.
